#
# There is insufficient memory for the Java Runtime Environment to continue.
# Native memory allocation (malloc) failed to allocate 591536 bytes for Chunk::new
# Possible reasons:
#   The system is out of physical RAM or swap space
#   The process is running with CompressedOops enabled, and the Java Heap may be blocking the growth of the native heap
# Possible solutions:
#   Reduce memory load on the system
#   Increase physical memory or swap space
#   Check if swap backing store is full
#   Decrease Java heap size (-Xmx/-Xms)
#   Decrease number of Java threads
#   Decrease Java thread stack sizes (-Xss)
#   Set larger code cache with -XX:ReservedCodeCacheSize=
#   JVM is running with Unscaled Compressed Oops mode in which the Java heap is
#     placed in the first 4GB address space. The Java Heap base address is the
#     maximum limit for the native heap growth. Please use -XX:HeapBaseMinAddress
#     to set the Java Heap base and to place the Java Heap above 4GB virtual address.
# This output file may be truncated or incomplete.
#
#  Out of Memory Error (allocation.cpp:389), pid=48268, tid=0x0000000000007098
#
# JRE version: OpenJDK Runtime Environment (8.0_202-b03) (build 1.8.0_202-release-1483-b03)
# Java VM: OpenJDK 64-Bit Server VM (25.202-b03 mixed mode windows-amd64 compressed oops)
# Failed to write core dump. Minidumps are not enabled by default on client versions of Windows
#

---------------  T H R E A D  ---------------

Current thread (0x00000000163d9800):  JavaThread "C2 CompilerThread2" daemon [_thread_in_native, id=28824, stack(0x0000000018cd0000,0x0000000018dd0000)]

Stack: [0x0000000018cd0000,0x0000000018dd0000]
[error occurred during error reporting (printing stack bounds), id 0xc0000005]

Native frames: (J=compiled Java code, j=interpreted, Vv=VM code, C=native code)


Current CompileTask:
C2: 173017 12920       4       org.gradle.internal.serialize.kryo.StringDeduplicatingKryoBackedEncoder$IndexedStringSet::register (53 bytes)


---------------  P R O C E S S  ---------------

Java Threads: ( => current thread )
  0x0000000028e57800 JavaThread "Cache worker for Build Output Cleanup Cache (C:\Users\DELL\AndroidStudioProjects\CodeLocker\.gradle\buildOutputCleanup)" [_thread_blocked, id=35908, stack(0x000000002dcb0000,0x000000002ddb0000)]
  0x0000000028e5d800 JavaThread "Build operations Thread 8" [_thread_blocked, id=44072, stack(0x000000002dbb0000,0x000000002dcb0000)]
  0x0000000028e5c000 JavaThread "Build operations Thread 7" [_thread_blocked, id=15832, stack(0x000000002dab0000,0x000000002dbb0000)]
  0x0000000028e5d000 JavaThread "Build operations Thread 6" [_thread_blocked, id=47840, stack(0x000000002d9b0000,0x000000002dab0000)]
  0x0000000028e54800 JavaThread "Build operations Thread 5" [_thread_blocked, id=18884, stack(0x000000002d8b0000,0x000000002d9b0000)]
  0x0000000028e57000 JavaThread "Build operations Thread 4" [_thread_blocked, id=7556, stack(0x000000002d7b0000,0x000000002d8b0000)]
  0x0000000028e56000 JavaThread "Build operations Thread 3" [_thread_blocked, id=24148, stack(0x000000002d6b0000,0x000000002d7b0000)]
  0x0000000028e5b800 JavaThread "Build operations Thread 2" [_thread_blocked, id=36764, stack(0x000000002d5b0000,0x000000002d6b0000)]
  0x0000000028e59000 JavaThread "Build operations" [_thread_blocked, id=13204, stack(0x000000002d4b0000,0x000000002d5b0000)]
  0x0000000028e58800 JavaThread "Cache worker for cache directory md-rule (C:\Users\DELL\.gradle\caches\5.4.1\md-rule)" [_thread_blocked, id=32156, stack(0x000000002d3b0000,0x000000002d4b0000)]
  0x0000000028e5a800 JavaThread "Cache worker for cache directory md-supplier (C:\Users\DELL\.gradle\caches\5.4.1\md-supplier)" [_thread_blocked, id=37844, stack(0x000000002d2b0000,0x000000002d3b0000)]
  0x0000000028e5a000 JavaThread "Cache worker for file hash cache (C:\Users\DELL\AndroidStudioProjects\CodeLocker\.gradle\5.4.1\fileHashes)" [_thread_blocked, id=41824, stack(0x000000002d1b0000,0x000000002d2b0000)]
  0x0000000028e53000 JavaThread "Thread-49" [_thread_blocked, id=32916, stack(0x000000002d0b0000,0x000000002d1b0000)]
  0x0000000028e54000 JavaThread "Stdin handler" [_thread_blocked, id=20576, stack(0x000000002cfb0000,0x000000002d0b0000)]
  0x0000000028e4e800 JavaThread "Asynchronous log dispatcher for DefaultDaemonConnection: socket connection from /127.0.0.1:61133 to /127.0.0.1:61264" [_thread_blocked, id=46036, stack(0x000000002ceb0000,0x000000002cfb0000)]
  0x0000000028e4f800 JavaThread "Daemon worker Thread 2" [_thread_in_Java, id=47832, stack(0x000000002cdb0000,0x000000002ceb0000)]
  0x0000000028e51000 JavaThread "Cancel handler" [_thread_blocked, id=33820, stack(0x000000002ccb0000,0x000000002cdb0000)]
  0x0000000028e55800 JavaThread "Handler for socket connection from /127.0.0.1:61133 to /127.0.0.1:61264" [_thread_in_native, id=43520, stack(0x000000002cbb0000,0x000000002ccb0000)]
  0x0000000028e50000 JavaThread "Daemon Thread 2" [_thread_blocked, id=21628, stack(0x000000002cab0000,0x000000002cbb0000)]
  0x000000001dd41800 JavaThread "Cache worker for file content cache (C:\Users\DELL\.gradle\caches\5.4.1\fileContent)" [_thread_blocked, id=21420, stack(0x0000000025050000,0x0000000025150000)]
  0x000000001dd41000 JavaThread "Memory manager" [_thread_blocked, id=7352, stack(0x0000000024f50000,0x0000000025050000)]
  0x000000001dd3d000 JavaThread "Cache worker for execution history cache (C:\Users\DELL\.gradle\caches\5.4.1\executionHistory)" [_thread_blocked, id=36964, stack(0x00000000211c0000,0x00000000212c0000)]
  0x00000000192af800 JavaThread "Cache worker for journal cache (C:\Users\DELL\.gradle\caches\journal-1)" [_thread_blocked, id=3320, stack(0x000000001cdf0000,0x000000001cef0000)]
  0x00000000192ac000 JavaThread "File lock request listener" [_thread_in_native, id=8276, stack(0x000000001ccf0000,0x000000001cdf0000)]
  0x000000001a596000 JavaThread "Cache worker for file hash cache (C:\Users\DELL\.gradle\caches\5.4.1\fileHashes)" [_thread_blocked, id=38364, stack(0x000000001cbf0000,0x000000001ccf0000)]
  0x000000001a084000 JavaThread "Daemon periodic checks" [_thread_blocked, id=45908, stack(0x000000001b120000,0x000000001b220000)]
  0x000000001a082000 JavaThread "Incoming local TCP Connector on port 61133" [_thread_in_native, id=44380, stack(0x000000001aee0000,0x000000001afe0000)]
  0x000000001a3f9000 JavaThread "Daemon health stats" [_thread_blocked, id=42228, stack(0x000000001a8a0000,0x000000001a9a0000)]
  0x0000000018297800 JavaThread "Service Thread" daemon [_thread_blocked, id=22092, stack(0x0000000018ed0000,0x0000000018fd0000)]
  0x00000000163de800 JavaThread "C1 CompilerThread3" daemon [_thread_in_vm, id=34188, stack(0x0000000018dd0000,0x0000000018ed0000)]
=>0x00000000163d9800 JavaThread "C2 CompilerThread2" daemon [_thread_in_native, id=28824, stack(0x0000000018cd0000,0x0000000018dd0000)]
  0x0000000018202000 JavaThread "C2 CompilerThread1" daemon [_thread_in_native, id=34080, stack(0x0000000018bd0000,0x0000000018cd0000)]
  0x00000000181fe800 JavaThread "C2 CompilerThread0" daemon [_thread_in_native, id=26720, stack(0x0000000018ad0000,0x0000000018bd0000)]
  0x00000000181fb800 JavaThread "Attach Listener" daemon [_thread_blocked, id=20732, stack(0x00000000189d0000,0x0000000018ad0000)]
  0x00000000181fa800 JavaThread "Signal Dispatcher" daemon [_thread_blocked, id=16308, stack(0x00000000188d0000,0x00000000189d0000)]
  0x00000000181f1000 JavaThread "Finalizer" daemon [_thread_blocked, id=33676, stack(0x00000000186d0000,0x00000000187d0000)]
  0x00000000181f0800 JavaThread "Reference Handler" daemon [_thread_blocked, id=49148, stack(0x00000000185d0000,0x00000000186d0000)]
  0x00000000023ae000 JavaThread "main" [_thread_blocked, id=35468, stack(0x00000000023b0000,0x00000000024b0000)]

Other Threads:
  0x00000000163c6000 VMThread [stack: 0x00000000180d0000,0x00000000181d0000] [id=11900]
  0x0000000018298800 WatcherThread [stack: 0x0000000018fd0000,0x00000000190d0000] [id=32708]

VM state:not at safepoint (normal execution)

VM Mutex/Monitor currently owned by a thread: None

heap address: 0x00000000a0000000, size: 1536 MB, Compressed Oops mode: 32-bit
Narrow klass base: 0x0000000000000000, Narrow klass shift: 3
Compressed class space size: 1073741824 Address: 0x0000000100000000

Heap:
 PSYoungGen      total 418816K, used 325103K [0x00000000e0000000, 0x00000000fe580000, 0x0000000100000000)
  eden space 376832K, 75% used [0x00000000e0000000,0x00000000f14e0c40,0x00000000f7000000)
  from space 41984K, 99% used [0x00000000fa400000,0x00000000fccf9720,0x00000000fcd00000)
  to   space 53248K, 0% used [0x00000000f7000000,0x00000000f7000000,0x00000000fa400000)
 ParOldGen       total 175104K, used 78274K [0x00000000a0000000, 0x00000000aab00000, 0x00000000e0000000)
  object space 175104K, 44% used [0x00000000a0000000,0x00000000a4c70840,0x00000000aab00000)
 Metaspace       used 74536K, capacity 78156K, committed 78360K, reserved 1118208K
  class space    used 9835K, capacity 10503K, committed 10536K, reserved 1048576K

Card table byte_map: [0x00000000119d0000,0x0000000011ce0000] byte_map_base: 0x00000000114d0000

Marking Bits: (ParMarkBitMap*) 0x000000005fa89f30
 Begin Bits: [0x00000000126e0000, 0x0000000013ee0000)
 End Bits:   [0x0000000013ee0000, 0x00000000156e0000)

Polling page: 0x0000000000710000

CodeCache: size=245760Kb used=37366Kb max_used=38082Kb free=208393Kb
 bounds [0x0000000002610000, 0x0000000004b70000, 0x0000000011610000]
 total_blobs=11667 nmethods=10852 adapters=726
 compilation: enabled

Compilation events (10 events):
Event: 173.001 Thread 0x00000000163de800 nmethod 13025 0x000000000275d250 code [0x000000000275d3c0, 0x000000000275d730]
Event: 173.002 Thread 0x00000000163de800 13028       3       org.gradle.internal.classloader.ClassLoaderVisitor::visit (80 bytes)
Event: 173.004 Thread 0x00000000163de800 nmethod 13028 0x0000000004696fd0 code [0x0000000004697300, 0x0000000004699128]
Event: 173.005 Thread 0x00000000163de800 13029       3       com.google.common.collect.ImmutableMap::copyOf (41 bytes)
Event: 173.005 Thread 0x00000000163de800 nmethod 13029 0x0000000003a1d9d0 code [0x0000000003a1dba0, 0x0000000003a1e438]
Event: 173.006 Thread 0x00000000163de800 13026       3       org.gradle.api.internal.attributes.DefaultImmutableAttributes::<init> (214 bytes)
Event: 173.008 Thread 0x00000000163de800 nmethod 13026 0x00000000042dbe50 code [0x00000000042dc180, 0x00000000042ddf78]
Event: 173.009 Thread 0x00000000163de800 13033       3       java.lang.invoke.Invokers::callSiteForm (295 bytes)
Event: 173.010 Thread 0x00000000163de800 nmethod 13033 0x00000000042d9710 code [0x00000000042d99c0, 0x00000000042db138]
Event: 173.012 Thread 0x00000000163de800 13027       3       org.apache.commons.lang.StringUtils::split (8 bytes)

GC Heap History (10 events):
Event: 16.013 GC heap before
{Heap before GC invocations=19 (full 3):
 PSYoungGen      total 251392K, used 245110K [0x00000000e0000000, 0x00000000f4b00000, 0x0000000100000000)
  eden space 220672K, 100% used [0x00000000e0000000,0x00000000ed780000,0x00000000ed780000)
  from space 30720K, 79% used [0x00000000ed780000,0x00000000eef5d8e0,0x00000000ef580000)
  to   space 32768K, 0% used [0x00000000f2b00000,0x00000000f2b00000,0x00000000f4b00000)
 ParOldGen       total 175104K, used 50534K [0x00000000a0000000, 0x00000000aab00000, 0x00000000e0000000)
  object space 175104K, 28% used [0x00000000a0000000,0x00000000a3159970,0x00000000aab00000)
 Metaspace       used 69904K, capacity 73248K, committed 73368K, reserved 1112064K
  class space    used 9482K, capacity 10139K, committed 10152K, reserved 1048576K
Event: 16.037 GC heap after
Heap after GC invocations=19 (full 3):
 PSYoungGen      total 304128K, used 24915K [0x00000000e0000000, 0x00000000f5080000, 0x0000000100000000)
  eden space 271360K, 0% used [0x00000000e0000000,0x00000000e0000000,0x00000000f0900000)
  from space 32768K, 76% used [0x00000000f2b00000,0x00000000f4354c28,0x00000000f4b00000)
  to   space 34816K, 0% used [0x00000000f0900000,0x00000000f0900000,0x00000000f2b00000)
 ParOldGen       total 175104K, used 50542K [0x00000000a0000000, 0x00000000aab00000, 0x00000000e0000000)
  object space 175104K, 28% used [0x00000000a0000000,0x00000000a315b970,0x00000000aab00000)
 Metaspace       used 69904K, capacity 73248K, committed 73368K, reserved 1112064K
  class space    used 9482K, capacity 10139K, committed 10152K, reserved 1048576K
}
Event: 16.798 GC heap before
{Heap before GC invocations=20 (full 3):
 PSYoungGen      total 304128K, used 296275K [0x00000000e0000000, 0x00000000f5080000, 0x0000000100000000)
  eden space 271360K, 100% used [0x00000000e0000000,0x00000000f0900000,0x00000000f0900000)
  from space 32768K, 76% used [0x00000000f2b00000,0x00000000f4354c28,0x00000000f4b00000)
  to   space 34816K, 0% used [0x00000000f0900000,0x00000000f0900000,0x00000000f2b00000)
 ParOldGen       total 175104K, used 50542K [0x00000000a0000000, 0x00000000aab00000, 0x00000000e0000000)
  object space 175104K, 28% used [0x00000000a0000000,0x00000000a315b970,0x00000000aab00000)
 Metaspace       used 70589K, capacity 74064K, committed 74264K, reserved 1114112K
  class space    used 9577K, capacity 10251K, committed 10280K, reserved 1048576K
Event: 16.835 GC heap after
Heap after GC invocations=20 (full 3):
 PSYoungGen      total 306176K, used 34808K [0x00000000e0000000, 0x00000000f8800000, 0x0000000100000000)
  eden space 271360K, 0% used [0x00000000e0000000,0x00000000e0000000,0x00000000f0900000)
  from space 34816K, 99% used [0x00000000f0900000,0x00000000f2afe118,0x00000000f2b00000)
  to   space 39936K, 0% used [0x00000000f6100000,0x00000000f6100000,0x00000000f8800000)
 ParOldGen       total 175104K, used 50550K [0x00000000a0000000, 0x00000000aab00000, 0x00000000e0000000)
  object space 175104K, 28% used [0x00000000a0000000,0x00000000a315d970,0x00000000aab00000)
 Metaspace       used 70589K, capacity 74064K, committed 74264K, reserved 1114112K
  class space    used 9577K, capacity 10251K, committed 10280K, reserved 1048576K
}
Event: 17.385 GC heap before
{Heap before GC invocations=21 (full 3):
 PSYoungGen      total 306176K, used 306168K [0x00000000e0000000, 0x00000000f8800000, 0x0000000100000000)
  eden space 271360K, 100% used [0x00000000e0000000,0x00000000f0900000,0x00000000f0900000)
  from space 34816K, 99% used [0x00000000f0900000,0x00000000f2afe118,0x00000000f2b00000)
  to   space 39936K, 0% used [0x00000000f6100000,0x00000000f6100000,0x00000000f8800000)
 ParOldGen       total 175104K, used 50550K [0x00000000a0000000, 0x00000000aab00000, 0x00000000e0000000)
  object space 175104K, 28% used [0x00000000a0000000,0x00000000a315d970,0x00000000aab00000)
 Metaspace       used 70653K, capacity 74128K, committed 74264K, reserved 1114112K
  class space    used 9579K, capacity 10251K, committed 10280K, reserved 1048576K
Event: 17.433 GC heap after
Heap after GC invocations=21 (full 3):
 PSYoungGen      total 358400K, used 32761K [0x00000000e0000000, 0x00000000f9780000, 0x0000000100000000)
  eden space 318464K, 0% used [0x00000000e0000000,0x00000000e0000000,0x00000000f3700000)
  from space 39936K, 82% used [0x00000000f6100000,0x00000000f80fe588,0x00000000f8800000)
  to   space 43008K, 0% used [0x00000000f3700000,0x00000000f3700000,0x00000000f6100000)
 ParOldGen       total 175104K, used 50558K [0x00000000a0000000, 0x00000000aab00000, 0x00000000e0000000)
  object space 175104K, 28% used [0x00000000a0000000,0x00000000a315f970,0x00000000aab00000)
 Metaspace       used 70653K, capacity 74128K, committed 74264K, reserved 1114112K
  class space    used 9579K, capacity 10251K, committed 10280K, reserved 1048576K
}
Event: 18.368 GC heap before
{Heap before GC invocations=22 (full 3):
 PSYoungGen      total 358400K, used 351225K [0x00000000e0000000, 0x00000000f9780000, 0x0000000100000000)
  eden space 318464K, 100% used [0x00000000e0000000,0x00000000f3700000,0x00000000f3700000)
  from space 39936K, 82% used [0x00000000f6100000,0x00000000f80fe588,0x00000000f8800000)
  to   space 43008K, 0% used [0x00000000f3700000,0x00000000f3700000,0x00000000f6100000)
 ParOldGen       total 175104K, used 50558K [0x00000000a0000000, 0x00000000aab00000, 0x00000000e0000000)
  object space 175104K, 28% used [0x00000000a0000000,0x00000000a315f970,0x00000000aab00000)
 Metaspace       used 70675K, capacity 74130K, committed 74264K, reserved 1114112K
  class space    used 9580K, capacity 10252K, committed 10280K, reserved 1048576K
Event: 18.407 GC heap after
Heap after GC invocations=22 (full 3):
 PSYoungGen      total 361472K, used 24064K [0x00000000e0000000, 0x00000000fcd00000, 0x0000000100000000)
  eden space 318464K, 0% used [0x00000000e0000000,0x00000000e0000000,0x00000000f3700000)
  from space 43008K, 55% used [0x00000000f3700000,0x00000000f4e80050,0x00000000f6100000)
  to   space 41984K, 0% used [0x00000000fa400000,0x00000000fa400000,0x00000000fcd00000)
 ParOldGen       total 175104K, used 64957K [0x00000000a0000000, 0x00000000aab00000, 0x00000000e0000000)
  object space 175104K, 37% used [0x00000000a0000000,0x00000000a3f6f668,0x00000000aab00000)
 Metaspace       used 70675K, capacity 74130K, committed 74264K, reserved 1114112K
  class space    used 9580K, capacity 10252K, committed 10280K, reserved 1048576K
}
Event: 19.438 GC heap before
{Heap before GC invocations=23 (full 3):
 PSYoungGen      total 361472K, used 342528K [0x00000000e0000000, 0x00000000fcd00000, 0x0000000100000000)
  eden space 318464K, 100% used [0x00000000e0000000,0x00000000f3700000,0x00000000f3700000)
  from space 43008K, 55% used [0x00000000f3700000,0x00000000f4e80050,0x00000000f6100000)
  to   space 41984K, 0% used [0x00000000fa400000,0x00000000fa400000,0x00000000fcd00000)
 ParOldGen       total 175104K, used 64957K [0x00000000a0000000, 0x00000000aab00000, 0x00000000e0000000)
  object space 175104K, 37% used [0x00000000a0000000,0x00000000a3f6f668,0x00000000aab00000)
 Metaspace       used 70958K, capacity 74456K, committed 74520K, reserved 1114112K
  class space    used 9586K, capacity 10259K, committed 10280K, reserved 1048576K
Event: 19.497 GC heap after
Heap after GC invocations=23 (full 3):
 PSYoungGen      total 418816K, used 41957K [0x00000000e0000000, 0x00000000fe580000, 0x0000000100000000)
  eden space 376832K, 0% used [0x00000000e0000000,0x00000000e0000000,0x00000000f7000000)
  from space 41984K, 99% used [0x00000000fa400000,0x00000000fccf9720,0x00000000fcd00000)
  to   space 53248K, 0% used [0x00000000f7000000,0x00000000f7000000,0x00000000fa400000)
 ParOldGen       total 175104K, used 78274K [0x00000000a0000000, 0x00000000aab00000, 0x00000000e0000000)
  object space 175104K, 44% used [0x00000000a0000000,0x00000000a4c70840,0x00000000aab00000)
 Metaspace       used 70958K, capacity 74456K, committed 74520K, reserved 1114112K
  class space    used 9586K, capacity 10259K, committed 10280K, reserved 1048576K
}

Deoptimization events (10 events):
Event: 172.580 Thread 0x0000000028e4f800 Uncommon trap: reason=class_check action=maybe_recompile pc=0x0000000003a7bcd4 method=java.util.Collections$SetFromMap.<init>(Ljava/util/Map;)V @ 5
Event: 172.614 Thread 0x0000000028e4f800 Uncommon trap: reason=unstable_if action=reinterpret pc=0x00000000035c872c method=java.util.Arrays.hashCode([Ljava/lang/Object;)I @ 34
Event: 172.633 Thread 0x0000000028e4f800 Uncommon trap: reason=unstable_if action=reinterpret pc=0x00000000037a7548 method=com.google.common.collect.MapMakerInternalMap$Segment.getEntry(Ljava/lang/Object;I)Lcom/google/common/collect/MapMakerInternalMap$InternalEntry; @ 4
Event: 172.633 Thread 0x0000000028e4f800 Uncommon trap: reason=bimorphic action=maybe_recompile pc=0x0000000003a30518 method=com.google.common.cache.LocalCache$Segment.getEntry(Ljava/lang/Object;I)Lcom/google/common/cache/ReferenceEntry; @ 24
Event: 172.635 Thread 0x0000000028e4f800 Uncommon trap: reason=bimorphic action=maybe_recompile pc=0x0000000003a30518 method=com.google.common.cache.LocalCache$Segment.getEntry(Ljava/lang/Object;I)Lcom/google/common/cache/ReferenceEntry; @ 24
Event: 172.637 Thread 0x0000000028e4f800 Uncommon trap: reason=bimorphic action=maybe_recompile pc=0x000000000394716c method=com.google.common.cache.LocalCache$Segment.getEntry(Ljava/lang/Object;I)Lcom/google/common/cache/ReferenceEntry; @ 24
Event: 172.664 Thread 0x0000000028e4f800 Uncommon trap: reason=class_check action=maybe_recompile pc=0x0000000003b7aa4c method=java.util.Collections$UnmodifiableCollection.isEmpty()Z @ 4
Event: 172.665 Thread 0x0000000028e4f800 Uncommon trap: reason=class_check action=maybe_recompile pc=0x0000000003b7aa4c method=java.util.Collections$UnmodifiableCollection.isEmpty()Z @ 4
Event: 172.970 Thread 0x0000000028e4f800 Uncommon trap: reason=class_check action=maybe_recompile pc=0x00000000039053a0 method=org.gradle.cache.internal.LockOnDemandCrossProcessCacheAccess.incrementLockCount()V @ 97
Event: 173.011 Thread 0x0000000028e4f800 Uncommon trap: reason=class_check action=maybe_recompile pc=0x000000000316f6c0 method=java.util.Collections$SynchronizedCollection.add(Ljava/lang/Object;)Z @ 12

Classes redefined (0 events):
No events

Internal exceptions (10 events):
Event: 20.288 Thread 0x000000001a5d3800 Exception <a 'java/lang/NoSuchMethodError': <clinit>> (0x00000000ed6cec68) thrown at [D:\src\AOSP-openjdk-cygwin\jdk8u\hotspot\src\share\vm\prims\jni.cpp, line 1614]
Event: 20.291 Thread 0x000000001a5d3800 Exception <a 'java/lang/NoSuchMethodError': <clinit>> (0x00000000ed6df538) thrown at [D:\src\AOSP-openjdk-cygwin\jdk8u\hotspot\src\share\vm\prims\jni.cpp, line 1614]
Event: 20.301 Thread 0x000000001a5d3800 Exception <a 'java/lang/NoSuchMethodError': <clinit>> (0x00000000ed946cc8) thrown at [D:\src\AOSP-openjdk-cygwin\jdk8u\hotspot\src\share\vm\prims\jni.cpp, line 1614]
Event: 20.326 Thread 0x000000001a4d6000 Exception <a 'sun/nio/fs/WindowsException'> (0x00000000eda240b8) thrown at [D:\src\AOSP-openjdk-cygwin\jdk8u\hotspot\src\share\vm\prims\jni.cpp, line 710]
Event: 20.435 Thread 0x000000001a093800 Exception <a 'java/lang/NoSuchMethodError': <clinit>> (0x00000000ef042ed8) thrown at [D:\src\AOSP-openjdk-cygwin\jdk8u\hotspot\src\share\vm\prims\jni.cpp, line 1614]
Event: 20.436 Thread 0x000000001a093800 Exception <a 'java/lang/NoSuchMethodError': <clinit>> (0x00000000ef04e470) thrown at [D:\src\AOSP-openjdk-cygwin\jdk8u\hotspot\src\share\vm\prims\jni.cpp, line 1614]
Event: 20.436 Thread 0x000000001a093800 Exception <a 'java/lang/NoSuchMethodError': <clinit>> (0x00000000ef058a40) thrown at [D:\src\AOSP-openjdk-cygwin\jdk8u\hotspot\src\share\vm\prims\jni.cpp, line 1614]
Event: 20.438 Thread 0x000000001a093800 Exception <a 'java/lang/NoSuchMethodError': <clinit>> (0x00000000ef071a28) thrown at [D:\src\AOSP-openjdk-cygwin\jdk8u\hotspot\src\share\vm\prims\jni.cpp, line 1614]
Event: 20.439 Thread 0x000000001a093800 Exception <a 'java/lang/NoSuchMethodError': <clinit>> (0x00000000ef082618) thrown at [D:\src\AOSP-openjdk-cygwin\jdk8u\hotspot\src\share\vm\prims\jni.cpp, line 1614]
Event: 172.614 Thread 0x0000000028e4f800 Implicit null exception at 0x00000000035c866f to 0x00000000035c870d

Events (10 events):
Event: 173.007 loading class com/android/build/VariantOutput
Event: 173.007 loading class com/android/build/VariantOutput done
Event: 173.007 loading class com/android/build/gradle/internal/scope/ApkData
Event: 173.007 loading class com/android/build/gradle/internal/scope/ApkData done
Event: 173.010 Thread 0x00000000163de800 flushing nmethod 0x00000000031f1250
Event: 173.011 Thread 0x0000000028e4f800 Uncommon trap: trap_request=0xffffffde fr.pc=0x000000000316f6c0
Event: 173.011 Executing VM operation: RevokeBias
Event: 173.011 Executing VM operation: RevokeBias done
Event: 173.011 Thread 0x0000000028e4f800 DEOPT PACKING pc=0x000000000316f6c0 sp=0x000000002ceaa810
Event: 173.011 Thread 0x0000000028e4f800 DEOPT UNPACKING pc=0x000000000265557b sp=0x000000002ceaa800 mode 2


Dynamic libraries:
0x00007ff66a680000 - 0x00007ff66a6b1000 	C:\Program Files\Android\Android Studio\jre\bin\java.exe
0x00007ffd01a10000 - 0x00007ffd01bfd000 	C:\Windows\SYSTEM32\ntdll.dll
0x00007ffd00a50000 - 0x00007ffd00b03000 	C:\Windows\System32\KERNEL32.DLL
0x00007ffcfe990000 - 0x00007ffcfec23000 	C:\Windows\System32\KERNELBASE.dll
0x00007ffd01710000 - 0x00007ffd017b3000 	C:\Windows\System32\ADVAPI32.dll
0x00007ffd015a0000 - 0x00007ffd0163e000 	C:\Windows\System32\msvcrt.dll
0x00007ffd00810000 - 0x00007ffd008ae000 	C:\Windows\System32\sechost.dll
0x00007ffd00bf0000 - 0x00007ffd00d12000 	C:\Windows\System32\RPCRT4.dll
0x00007ffd008b0000 - 0x00007ffd00a47000 	C:\Windows\System32\USER32.dll
0x00007ffcfe7e0000 - 0x00007ffcfe800000 	C:\Windows\System32\win32u.dll
0x00007ffcff1c0000 - 0x00007ffcff1e9000 	C:\Windows\System32\GDI32.dll
0x00007ffcfe240000 - 0x00007ffcfe3d9000 	C:\Windows\System32\gdi32full.dll
0x00007ffcfe740000 - 0x00007ffcfe7e0000 	C:\Windows\System32\msvcp_win.dll
0x00007ffcfe640000 - 0x00007ffcfe73a000 	C:\Windows\System32\ucrtbase.dll
0x00007ffcecc90000 - 0x00007ffcecf09000 	C:\Windows\WinSxS\amd64_microsoft.windows.common-controls_6595b64144ccf1df_6.0.17763.737_none_05b6437c071e554b\COMCTL32.dll
0x00007ffcfec30000 - 0x00007ffcfef5c000 	C:\Windows\System32\combase.dll
0x00007ffcfe800000 - 0x00007ffcfe87e000 	C:\Windows\System32\bcryptPrimitives.dll
0x00007ffcff1f0000 - 0x00007ffcff21e000 	C:\Windows\System32\IMM32.DLL
0x000000005f100000 - 0x000000005f1d2000 	C:\Program Files\Android\Android Studio\jre\jre\bin\msvcr100.dll
0x000000005f2c0000 - 0x000000005fb06000 	C:\Program Files\Android\Android Studio\jre\jre\bin\server\jvm.dll
0x00007ffd017c0000 - 0x00007ffd017c8000 	C:\Windows\System32\PSAPI.DLL
0x00007ffcfc570000 - 0x00007ffcfc579000 	C:\Windows\SYSTEM32\WSOCK32.dll
0x00007ffcf8810000 - 0x00007ffcf881a000 	C:\Windows\SYSTEM32\VERSION.dll
0x00007ffcfa8f0000 - 0x00007ffcfa914000 	C:\Windows\SYSTEM32\WINMM.dll
0x00007ffcff2a0000 - 0x00007ffcff30d000 	C:\Windows\System32\WS2_32.dll
0x00007ffcfa8c0000 - 0x00007ffcfa8ed000 	C:\Windows\SYSTEM32\winmmbase.dll
0x00007ffcfe410000 - 0x00007ffcfe45a000 	C:\Windows\System32\cfgmgr32.dll
0x00007ffcf8f70000 - 0x00007ffcf8f7f000 	C:\Program Files\Android\Android Studio\jre\jre\bin\verify.dll
0x00007ffce1870000 - 0x00007ffce1899000 	C:\Program Files\Android\Android Studio\jre\jre\bin\java.dll
0x00007ffcf82d0000 - 0x00007ffcf82e6000 	C:\Program Files\Android\Android Studio\jre\jre\bin\zip.dll
0x00007ffcff310000 - 0x00007ffd00802000 	C:\Windows\System32\SHELL32.dll
0x00007ffcff110000 - 0x00007ffcff1b8000 	C:\Windows\System32\shcore.dll
0x00007ffcfdad0000 - 0x00007ffcfe21a000 	C:\Windows\System32\windows.storage.dll
0x00007ffcfdaa0000 - 0x00007ffcfdac4000 	C:\Windows\System32\profapi.dll
0x00007ffcfda20000 - 0x00007ffcfda7d000 	C:\Windows\System32\powrprof.dll
0x00007ffd01970000 - 0x00007ffd019c2000 	C:\Windows\System32\shlwapi.dll
0x00007ffcfda00000 - 0x00007ffcfda11000 	C:\Windows\System32\kernel.appcore.dll
0x00007ffcfe220000 - 0x00007ffcfe237000 	C:\Windows\System32\cryptsp.dll
0x00007ffcf1b30000 - 0x00007ffcf1b4a000 	C:\Program Files\Android\Android Studio\jre\jre\bin\net.dll
0x00007ffcfd270000 - 0x00007ffcfd2d7000 	C:\Windows\system32\mswsock.dll
0x00007ffce9920000 - 0x00007ffce9931000 	C:\Program Files\Android\Android Studio\jre\jre\bin\nio.dll
0x00007ffce1be0000 - 0x00007ffce1c06000 	C:\Users\DELL\.gradle\native\29\windows-amd64\native-platform.dll
0x00007ffcf8260000 - 0x00007ffcf826d000 	C:\Program Files\Android\Android Studio\jre\jre\bin\management.dll
0x00007ffcfcdf0000 - 0x00007ffcfce23000 	C:\Windows\system32\rsaenh.dll
0x00007ffcfe3e0000 - 0x00007ffcfe406000 	C:\Windows\System32\bcrypt.dll
0x00007ffcfd930000 - 0x00007ffcfd958000 	C:\Windows\SYSTEM32\USERENV.dll
0x00007ffcfd440000 - 0x00007ffcfd44c000 	C:\Windows\SYSTEM32\CRYPTBASE.dll
0x00007ffcfcf90000 - 0x00007ffcfcfcd000 	C:\Windows\SYSTEM32\IPHLPAPI.DLL
0x00007ffd019d0000 - 0x00007ffd019d8000 	C:\Windows\System32\NSI.dll
0x00007ffcf2320000 - 0x00007ffcf2336000 	C:\Windows\SYSTEM32\dhcpcsvc6.DLL
0x00007ffcf41b0000 - 0x00007ffcf41cc000 	C:\Windows\SYSTEM32\dhcpcsvc.DLL
0x00007ffcfcfd0000 - 0x00007ffcfd096000 	C:\Windows\SYSTEM32\DNSAPI.dll

VM Arguments:
jvm_args: -Xmx1536m -Dfile.encoding=windows-1252 -Duser.country=US -Duser.language=en -Duser.variant 
java_command: org.gradle.launcher.daemon.bootstrap.GradleDaemon 5.4.1
java_class_path (initial): C:\Users\DELL\.gradle\wrapper\dists\gradle-5.4.1-all\3221gyojl5jsh0helicew7rwx\gradle-5.4.1\lib\gradle-launcher-5.4.1.jar
Launcher Type: SUN_STANDARD

Environment Variables:
PATH=C:\ProgramData\Oracle\Java\javapath;C:\Windows\system32;C:\Windows;C:\Windows\System32\Wbem;C:\Windows\System32\WindowsPowerShell\v1.0\;C:\Windows\System32\OpenSSH\;C:\Program Files (x86)\NVIDIA Corporation\PhysX\Common;C:\Program Files\Git\cmd;C:\Gradle\gradle-5.6.1\bin;C:\Program Files\nodejs\;C:\Users\DELL\AppData\Local\Programs\Python\Python37-32\Scripts;C:\Users\DELL\AppData\Local\Programs\Python\Python37-32;C:\Users\DELL\AppData\Roaming\Python\Python37\Scripts;C:\Program Files\PostgreSQL\11\bin;C:\Program Files (x86)\scala\bin;C:\Users\DELL\AppData\Local\Microsoft\WindowsApps;C:\Users\DELL\AppData\Local\atom\bin;C:\Program Files\JetBrains\IntelliJ IDEA Community Edition 2019.2\bin;;C:\Program Files\JetBrains\IntelliJ IDEA 2019.2\bin;;C:\Users\DELL\AppData\Roaming\npm;C:\Users\DELL\AppData\Local\Google\Cloud SDK\google-cloud-sdk\bin;C:\Program Files\heroku\bin
USERNAME=DELL
OS=Windows_NT
PROCESSOR_IDENTIFIER=Intel64 Family 6 Model 94 Stepping 3, GenuineIntel



---------------  S Y S T E M  ---------------

OS: Windows 10.0 , 64 bit Build 17763 (10.0.17763.475)

CPU:total 8 (initial active 8) (4 cores per cpu, 2 threads per core) family 6 model 94 stepping 3, cmov, cx8, fxsr, mmx, sse, sse2, sse3, ssse3, sse4.1, sse4.2, popcnt, avx, avx2, aes, clmul, erms, rtm, 3dnowpref, lzcnt, ht, tsc, tscinvbit, bmi1, bmi2, adx

Memory: 4k page, physical 12450036k(712700k free), swap 27023856k(4572k free)

vm_info: OpenJDK 64-Bit Server VM (25.202-b03) for windows-amd64 JRE (1.8.0_202-release-1483-b03), built by "builder" with MS VC++ 10.0 (VS2010)

time: Sat Oct 19 16:29:03 2019
timezone: Pacific Daylight Time
elapsed time: 173 seconds (0d 0h 2m 53s)

