#
# There is insufficient memory for the Java Runtime Environment to continue.
# Native memory allocation (malloc) failed to allocate 218192 bytes for Chunk::new
# Possible reasons:
#   The system is out of physical RAM or swap space
#   The process is running with CompressedOops enabled, and the Java Heap may be blocking the growth of the native heap
# Possible solutions:
#   Reduce memory load on the system
#   Increase physical memory or swap space
#   Check if swap backing store is full
#   Decrease Java heap size (-Xmx/-Xms)
#   Decrease number of Java threads
#   Decrease Java thread stack sizes (-Xss)
#   Set larger code cache with -XX:ReservedCodeCacheSize=
#   JVM is running with Unscaled Compressed Oops mode in which the Java heap is
#     placed in the first 4GB address space. The Java Heap base address is the
#     maximum limit for the native heap growth. Please use -XX:HeapBaseMinAddress
#     to set the Java Heap base and to place the Java Heap above 4GB virtual address.
# This output file may be truncated or incomplete.
#
#  Out of Memory Error (allocation.cpp:389), pid=33632, tid=0x00000000000068dc
#
# JRE version: OpenJDK Runtime Environment (8.0_202-b03) (build 1.8.0_202-release-1483-b03)
# Java VM: OpenJDK 64-Bit Server VM (25.202-b03 mixed mode windows-amd64 compressed oops)
# Failed to write core dump. Minidumps are not enabled by default on client versions of Windows
#

---------------  T H R E A D  ---------------

Current thread (0x0000000018982800):  JavaThread "C2 CompilerThread1" daemon [_thread_in_native, id=26844, stack(0x0000000019350000,0x0000000019450000)]

Stack: [0x0000000019350000,0x0000000019450000]
[error occurred during error reporting (printing stack bounds), id 0xc0000005]

Native frames: (J=compiled Java code, j=interpreted, Vv=VM code, C=native code)


Current CompileTask:
C2:  14396 4911       4       java.net.URLClassLoader$1::run (5 bytes)


---------------  P R O C E S S  ---------------

Java Threads: ( => current thread )
  0x000000001c650000 JavaThread "Cache worker for file content cache (C:\Users\DELL\AndroidStudioProjects\CodeLocker\.gradle\5.4.1\fileContent)" [_thread_blocked, id=49248, stack(0x00000000249d0000,0x0000000024ad0000)]
  0x000000001c645000 JavaThread "Cache worker for file content cache (C:\Users\DELL\.gradle\caches\5.4.1\fileContent)" [_thread_blocked, id=30328, stack(0x00000000248d0000,0x00000000249d0000)]
  0x000000001c64b000 JavaThread "Memory manager" [_thread_blocked, id=31120, stack(0x00000000247d0000,0x00000000248d0000)]
  0x000000001c64c000 JavaThread "Cache worker for Build Output Cleanup Cache (C:\Users\DELL\AndroidStudioProjects\CodeLocker\.gradle\buildOutputCleanup)" [_thread_blocked, id=17576, stack(0x0000000023cd0000,0x0000000023dd0000)]
  0x000000001c648000 JavaThread "Build operations Thread 8" [_thread_blocked, id=39260, stack(0x00000000237d0000,0x00000000238d0000)]
  0x000000001c647800 JavaThread "Build operations Thread 7" [_thread_blocked, id=40908, stack(0x00000000236d0000,0x00000000237d0000)]
  0x000000001c643800 JavaThread "Build operations Thread 6" [_thread_blocked, id=49212, stack(0x00000000235d0000,0x00000000236d0000)]
  0x000000001c646000 JavaThread "Build operations Thread 5" [_thread_blocked, id=39400, stack(0x00000000224a0000,0x00000000225a0000)]
  0x000000001c643000 JavaThread "Build operations Thread 4" [_thread_blocked, id=36404, stack(0x00000000223a0000,0x00000000224a0000)]
  0x000000001c644800 JavaThread "Build operations Thread 3" [_thread_blocked, id=8088, stack(0x00000000222a0000,0x00000000223a0000)]
  0x000000001c649800 JavaThread "Build operations Thread 2" [_thread_blocked, id=35348, stack(0x00000000221a0000,0x00000000222a0000)]
  0x000000001c642000 JavaThread "Build operations" [_thread_blocked, id=40536, stack(0x0000000021e50000,0x0000000021f50000)]
  0x000000001c646800 JavaThread "Cache worker for execution history cache (C:\Users\DELL\.gradle\caches\5.4.1\executionHistory)" [_thread_blocked, id=3824, stack(0x0000000021b50000,0x0000000021c50000)]
  0x0000000019a6d000 JavaThread "Cache worker for cache directory md-rule (C:\Users\DELL\.gradle\caches\5.4.1\md-rule)" [_thread_blocked, id=1316, stack(0x0000000021a50000,0x0000000021b50000)]
  0x0000000019a6c000 JavaThread "Cache worker for cache directory md-supplier (C:\Users\DELL\.gradle\caches\5.4.1\md-supplier)" [_thread_blocked, id=21824, stack(0x000000001feb0000,0x000000001ffb0000)]
  0x0000000019a6a800 JavaThread "Cache worker for file hash cache (C:\Users\DELL\AndroidStudioProjects\CodeLocker\.gradle\5.4.1\fileHashes)" [_thread_blocked, id=32668, stack(0x000000001fdb0000,0x000000001feb0000)]
  0x0000000019a6e800 JavaThread "Cache worker for journal cache (C:\Users\DELL\.gradle\caches\journal-1)" [_thread_blocked, id=47840, stack(0x000000001d570000,0x000000001d670000)]
  0x0000000019a6f000 JavaThread "File lock request listener" [_thread_in_native, id=35928, stack(0x000000001d470000,0x000000001d570000)]
  0x0000000018aa9000 JavaThread "Cache worker for file hash cache (C:\Users\DELL\.gradle\caches\5.4.1\fileHashes)" [_thread_blocked, id=43892, stack(0x000000001d370000,0x000000001d470000)]
  0x000000001ad59000 JavaThread "Thread-9" [_thread_blocked, id=36176, stack(0x000000001c2a0000,0x000000001c3a0000)]
  0x000000001ad58000 JavaThread "Stdin handler" [_thread_blocked, id=48280, stack(0x000000001c1a0000,0x000000001c2a0000)]
  0x000000001ad5e000 JavaThread "Asynchronous log dispatcher for DefaultDaemonConnection: socket connection from /127.0.0.1:62270 to /127.0.0.1:62271" [_thread_blocked, id=13732, stack(0x000000001bfa0000,0x000000001c0a0000)]
  0x000000001ad61800 JavaThread "Daemon worker" [_thread_in_native, id=50760, stack(0x000000001bea0000,0x000000001bfa0000)]
  0x000000001ad60800 JavaThread "Cancel handler" [_thread_blocked, id=27984, stack(0x000000001bda0000,0x000000001bea0000)]
  0x000000001ad00000 JavaThread "Handler for socket connection from /127.0.0.1:62270 to /127.0.0.1:62271" [_thread_in_native, id=49388, stack(0x000000001baa0000,0x000000001bba0000)]
  0x000000001acf0800 JavaThread "Daemon" [_thread_blocked, id=49636, stack(0x000000001b9a0000,0x000000001baa0000)]
  0x000000001acea000 JavaThread "Daemon periodic checks" [_thread_blocked, id=49644, stack(0x000000001b8a0000,0x000000001b9a0000)]
  0x000000001acd2800 JavaThread "Incoming local TCP Connector on port 62270" [_thread_in_native, id=32212, stack(0x000000001b660000,0x000000001b760000)]
  0x000000001aab7000 JavaThread "Daemon health stats" [_thread_blocked, id=40084, stack(0x000000001b020000,0x000000001b120000)]
  0x0000000018a09800 JavaThread "Service Thread" daemon [_thread_blocked, id=41316, stack(0x0000000019650000,0x0000000019750000)]
  0x000000001898d000 JavaThread "C1 CompilerThread3" daemon [_thread_blocked, id=50872, stack(0x0000000019550000,0x0000000019650000)]
  0x0000000016b8c800 JavaThread "C2 CompilerThread2" daemon [_thread_blocked, id=40868, stack(0x0000000019450000,0x0000000019550000)]
=>0x0000000018982800 JavaThread "C2 CompilerThread1" daemon [_thread_in_native, id=26844, stack(0x0000000019350000,0x0000000019450000)]
  0x000000001897f800 JavaThread "C2 CompilerThread0" daemon [_thread_blocked, id=26656, stack(0x0000000019250000,0x0000000019350000)]
  0x000000001897c000 JavaThread "Attach Listener" daemon [_thread_blocked, id=48976, stack(0x0000000019150000,0x0000000019250000)]
  0x000000001897b000 JavaThread "Signal Dispatcher" daemon [_thread_blocked, id=46364, stack(0x0000000019050000,0x0000000019150000)]
  0x0000000018971000 JavaThread "Finalizer" daemon [_thread_blocked, id=39000, stack(0x0000000018e50000,0x0000000018f50000)]
  0x0000000018970800 JavaThread "Reference Handler" daemon [_thread_blocked, id=36872, stack(0x0000000018d50000,0x0000000018e50000)]
  0x000000000136e000 JavaThread "main" [_thread_blocked, id=16796, stack(0x0000000002bc0000,0x0000000002cc0000)]

Other Threads:
  0x0000000016b76000 VMThread [stack: 0x0000000018850000,0x0000000018950000] [id=37272]
  0x0000000018a0a800 WatcherThread [stack: 0x0000000019750000,0x0000000019850000] [id=41284]

VM state:not at safepoint (normal execution)

VM Mutex/Monitor currently owned by a thread: None

heap address: 0x00000000a0000000, size: 1536 MB, Compressed Oops mode: 32-bit
Narrow klass base: 0x0000000000000000, Narrow klass shift: 3
Compressed class space size: 1073741824 Address: 0x0000000100000000

Heap:
 PSYoungGen      total 131072K, used 116611K [0x00000000e0000000, 0x00000000ebd80000, 0x0000000100000000)
  eden space 118784K, 87% used [0x00000000e0000000,0x00000000e65e2e30,0x00000000e7400000)
  from space 12288K, 99% used [0x00000000e7400000,0x00000000e7ffdf18,0x00000000e8000000)
  to   space 14848K, 0% used [0x00000000eaf00000,0x00000000eaf00000,0x00000000ebd80000)
 ParOldGen       total 113152K, used 18057K [0x00000000a0000000, 0x00000000a6e80000, 0x00000000e0000000)
  object space 113152K, 15% used [0x00000000a0000000,0x00000000a11a27a0,0x00000000a6e80000)
 Metaspace       used 54720K, capacity 56298K, committed 56488K, reserved 1097728K
  class space    used 7398K, capacity 7782K, committed 7848K, reserved 1048576K

Card table byte_map: [0x0000000012180000,0x0000000012490000] byte_map_base: 0x0000000011c80000

Marking Bits: (ParMarkBitMap*) 0x000000005fa89f30
 Begin Bits: [0x0000000012e90000, 0x0000000014690000)
 End Bits:   [0x0000000014690000, 0x0000000015e90000)

Polling page: 0x0000000001320000

CodeCache: size=245760Kb used=15455Kb max_used=15455Kb free=230304Kb
 bounds [0x0000000002dc0000, 0x0000000003cf0000, 0x0000000011dc0000]
 total_blobs=5290 nmethods=4509 adapters=694
 compilation: enabled

Compilation events (10 events):
Event: 14.231 Thread 0x000000001898d000 nmethod 4909 0x0000000003cd0e90 code [0x0000000003cd1000, 0x0000000003cd1228]
Event: 14.232 Thread 0x000000001898d000 4910       3       sun.net.www.protocol.jar.JarURLConnection::getUseCaches (8 bytes)
Event: 14.232 Thread 0x000000001898d000 nmethod 4910 0x0000000003ce0790 code [0x0000000003ce0900, 0x0000000003ce0b28]
Event: 14.295 Thread 0x0000000018982800 4911       4       java.net.URLClassLoader$1::run (5 bytes)
Event: 14.358 Thread 0x000000001898d000 4912       3       java.util.logging.LogManager::getProperty (9 bytes)
Event: 14.358 Thread 0x000000001898d000 nmethod 4912 0x0000000003ce0bd0 code [0x0000000003ce0d40, 0x0000000003ce0f68]
Event: 14.358 Thread 0x000000001898d000 4913       3       java.util.logging.LogManager$LoggerContext::requiresDefaultLoggers (29 bytes)
Event: 14.359 Thread 0x000000001898d000 nmethod 4913 0x0000000003ce1010 code [0x0000000003ce1180, 0x0000000003ce15a8]
Event: 14.359 Thread 0x000000001898d000 4914       3       java.util.logging.LogManager::access$100 (4 bytes)
Event: 14.359 Thread 0x000000001898d000 nmethod 4914 0x0000000003ce1690 code [0x0000000003ce17e0, 0x0000000003ce1910]

GC Heap History (10 events):
Event: 7.494 GC heap before
{Heap before GC invocations=7 (full 1):
 PSYoungGen      total 56832K, used 55708K [0x00000000e0000000, 0x00000000e6100000, 0x0000000100000000)
  eden space 49152K, 100% used [0x00000000e0000000,0x00000000e3000000,0x00000000e3000000)
  from space 7680K, 85% used [0x00000000e3000000,0x00000000e3667070,0x00000000e3780000)
  to   space 12288K, 0% used [0x00000000e5500000,0x00000000e5500000,0x00000000e6100000)
 ParOldGen       total 85504K, used 9886K [0x00000000a0000000, 0x00000000a5380000, 0x00000000e0000000)
  object space 85504K, 11% used [0x00000000a0000000,0x00000000a09a7ad0,0x00000000a5380000)
 Metaspace       used 30449K, capacity 30982K, committed 31232K, reserved 1077248K
  class space    used 4147K, capacity 4300K, committed 4352K, reserved 1048576K
Event: 7.517 GC heap after
Heap after GC invocations=7 (full 1):
 PSYoungGen      total 87552K, used 6915K [0x00000000e0000000, 0x00000000e6400000, 0x0000000100000000)
  eden space 75264K, 0% used [0x00000000e0000000,0x00000000e0000000,0x00000000e4980000)
  from space 12288K, 56% used [0x00000000e5500000,0x00000000e5bc0ef0,0x00000000e6100000)
  to   space 11776K, 0% used [0x00000000e4980000,0x00000000e4980000,0x00000000e5500000)
 ParOldGen       total 85504K, used 9894K [0x00000000a0000000, 0x00000000a5380000, 0x00000000e0000000)
  object space 85504K, 11% used [0x00000000a0000000,0x00000000a09a9ad0,0x00000000a5380000)
 Metaspace       used 30449K, capacity 30982K, committed 31232K, reserved 1077248K
  class space    used 4147K, capacity 4300K, committed 4352K, reserved 1048576K
}
Event: 9.140 GC heap before
{Heap before GC invocations=8 (full 1):
 PSYoungGen      total 87552K, used 82179K [0x00000000e0000000, 0x00000000e6400000, 0x0000000100000000)
  eden space 75264K, 100% used [0x00000000e0000000,0x00000000e4980000,0x00000000e4980000)
  from space 12288K, 56% used [0x00000000e5500000,0x00000000e5bc0ef0,0x00000000e6100000)
  to   space 11776K, 0% used [0x00000000e4980000,0x00000000e4980000,0x00000000e5500000)
 ParOldGen       total 85504K, used 9894K [0x00000000a0000000, 0x00000000a5380000, 0x00000000e0000000)
  object space 85504K, 11% used [0x00000000a0000000,0x00000000a09a9ad0,0x00000000a5380000)
 Metaspace       used 34504K, capacity 35220K, committed 35456K, reserved 1079296K
  class space    used 4755K, capacity 4949K, committed 4992K, reserved 1048576K
Event: 9.152 GC heap after
Heap after GC invocations=8 (full 1):
 PSYoungGen      total 87040K, used 11186K [0x00000000e0000000, 0x00000000e8c80000, 0x0000000100000000)
  eden space 75264K, 0% used [0x00000000e0000000,0x00000000e0000000,0x00000000e4980000)
  from space 11776K, 94% used [0x00000000e4980000,0x00000000e546c848,0x00000000e5500000)
  to   space 12800K, 0% used [0x00000000e8000000,0x00000000e8000000,0x00000000e8c80000)
 ParOldGen       total 85504K, used 9902K [0x00000000a0000000, 0x00000000a5380000, 0x00000000e0000000)
  object space 85504K, 11% used [0x00000000a0000000,0x00000000a09abad0,0x00000000a5380000)
 Metaspace       used 34504K, capacity 35220K, committed 35456K, reserved 1079296K
  class space    used 4755K, capacity 4949K, committed 4992K, reserved 1048576K
}
Event: 9.286 GC heap before
{Heap before GC invocations=9 (full 1):
 PSYoungGen      total 87040K, used 17933K [0x00000000e0000000, 0x00000000e8c80000, 0x0000000100000000)
  eden space 75264K, 8% used [0x00000000e0000000,0x00000000e0696ca0,0x00000000e4980000)
  from space 11776K, 94% used [0x00000000e4980000,0x00000000e546c848,0x00000000e5500000)
  to   space 12800K, 0% used [0x00000000e8000000,0x00000000e8000000,0x00000000e8c80000)
 ParOldGen       total 85504K, used 9902K [0x00000000a0000000, 0x00000000a5380000, 0x00000000e0000000)
  object space 85504K, 11% used [0x00000000a0000000,0x00000000a09abad0,0x00000000a5380000)
 Metaspace       used 34735K, capacity 35414K, committed 35496K, reserved 1079296K
  class space    used 4781K, capacity 4994K, committed 5032K, reserved 1048576K
Event: 9.300 GC heap after
Heap after GC invocations=9 (full 1):
 PSYoungGen      total 131584K, used 8146K [0x00000000e0000000, 0x00000000e9c00000, 0x0000000100000000)
  eden space 118784K, 0% used [0x00000000e0000000,0x00000000e0000000,0x00000000e7400000)
  from space 12800K, 63% used [0x00000000e8000000,0x00000000e87f4b08,0x00000000e8c80000)
  to   space 12288K, 0% used [0x00000000e7400000,0x00000000e7400000,0x00000000e8000000)
 ParOldGen       total 85504K, used 9902K [0x00000000a0000000, 0x00000000a5380000, 0x00000000e0000000)
  object space 85504K, 11% used [0x00000000a0000000,0x00000000a09abad0,0x00000000a5380000)
 Metaspace       used 34735K, capacity 35414K, committed 35496K, reserved 1079296K
  class space    used 4781K, capacity 4994K, committed 5032K, reserved 1048576K
}
Event: 9.300 GC heap before
{Heap before GC invocations=10 (full 2):
 PSYoungGen      total 131584K, used 8146K [0x00000000e0000000, 0x00000000e9c00000, 0x0000000100000000)
  eden space 118784K, 0% used [0x00000000e0000000,0x00000000e0000000,0x00000000e7400000)
  from space 12800K, 63% used [0x00000000e8000000,0x00000000e87f4b08,0x00000000e8c80000)
  to   space 12288K, 0% used [0x00000000e7400000,0x00000000e7400000,0x00000000e8000000)
 ParOldGen       total 85504K, used 9902K [0x00000000a0000000, 0x00000000a5380000, 0x00000000e0000000)
  object space 85504K, 11% used [0x00000000a0000000,0x00000000a09abad0,0x00000000a5380000)
 Metaspace       used 34735K, capacity 35414K, committed 35496K, reserved 1079296K
  class space    used 4781K, capacity 4994K, committed 5032K, reserved 1048576K
Event: 9.379 GC heap after
Heap after GC invocations=10 (full 2):
 PSYoungGen      total 131584K, used 0K [0x00000000e0000000, 0x00000000e9c00000, 0x0000000100000000)
  eden space 118784K, 0% used [0x00000000e0000000,0x00000000e0000000,0x00000000e7400000)
  from space 12800K, 0% used [0x00000000e8000000,0x00000000e8000000,0x00000000e8c80000)
  to   space 12288K, 0% used [0x00000000e7400000,0x00000000e7400000,0x00000000e8000000)
 ParOldGen       total 113152K, used 15019K [0x00000000a0000000, 0x00000000a6e80000, 0x00000000e0000000)
  object space 113152K, 13% used [0x00000000a0000000,0x00000000a0eaacb0,0x00000000a6e80000)
 Metaspace       used 34727K, capacity 35390K, committed 35496K, reserved 1079296K
  class space    used 4779K, capacity 4990K, committed 5032K, reserved 1048576K
}
Event: 11.610 GC heap before
{Heap before GC invocations=11 (full 2):
 PSYoungGen      total 131584K, used 118784K [0x00000000e0000000, 0x00000000e9c00000, 0x0000000100000000)
  eden space 118784K, 100% used [0x00000000e0000000,0x00000000e7400000,0x00000000e7400000)
  from space 12800K, 0% used [0x00000000e8000000,0x00000000e8000000,0x00000000e8c80000)
  to   space 12288K, 0% used [0x00000000e7400000,0x00000000e7400000,0x00000000e8000000)
 ParOldGen       total 113152K, used 15019K [0x00000000a0000000, 0x00000000a6e80000, 0x00000000e0000000)
  object space 113152K, 13% used [0x00000000a0000000,0x00000000a0eaacb0,0x00000000a6e80000)
 Metaspace       used 45400K, capacity 46398K, committed 46632K, reserved 1089536K
  class space    used 6119K, capacity 6414K, committed 6440K, reserved 1048576K
Event: 11.626 GC heap after
Heap after GC invocations=11 (full 2):
 PSYoungGen      total 131072K, used 12279K [0x00000000e0000000, 0x00000000ebd80000, 0x0000000100000000)
  eden space 118784K, 0% used [0x00000000e0000000,0x00000000e0000000,0x00000000e7400000)
  from space 12288K, 99% used [0x00000000e7400000,0x00000000e7ffdf18,0x00000000e8000000)
  to   space 14848K, 0% used [0x00000000eaf00000,0x00000000eaf00000,0x00000000ebd80000)
 ParOldGen       total 113152K, used 18057K [0x00000000a0000000, 0x00000000a6e80000, 0x00000000e0000000)
  object space 113152K, 15% used [0x00000000a0000000,0x00000000a11a27a0,0x00000000a6e80000)
 Metaspace       used 45400K, capacity 46398K, committed 46632K, reserved 1089536K
  class space    used 6119K, capacity 6414K, committed 6440K, reserved 1048576K
}

Deoptimization events (10 events):
Event: 12.352 Thread 0x000000001ad61800 Uncommon trap: reason=class_check action=maybe_recompile pc=0x0000000003066b44 method=java.util.Collections$SynchronizedCollection.add(Ljava/lang/Object;)Z @ 12
Event: 12.490 Thread 0x000000001ad61800 Uncommon trap: reason=unstable_if action=reinterpret pc=0x0000000003314aa4 method=java.lang.String.lastIndexOf([CII[CIII)I @ 17
Event: 12.793 Thread 0x000000001ad61800 Uncommon trap: reason=unstable_if action=reinterpret pc=0x0000000002f199a4 method=java.util.concurrent.ConcurrentHashMap.putVal(Ljava/lang/Object;Ljava/lang/Object;Z)Ljava/lang/Object; @ 195
Event: 12.847 Thread 0x000000001ad61800 Uncommon trap: reason=unstable_if action=reinterpret pc=0x00000000036dae88 method=kotlin.reflect.jvm.internal.impl.protobuf.CodedInputStream.readRawVarint32()I @ 10
Event: 13.548 Thread 0x000000001ad61800 Uncommon trap: reason=unstable_if action=reinterpret pc=0x00000000037e46c0 method=java.io.WinNTFileSystem.normalize(Ljava/lang/String;)Ljava/lang/String; @ 74
Event: 13.613 Thread 0x000000001ad61800 Uncommon trap: reason=unstable_if action=reinterpret pc=0x0000000003234e20 method=java.util.WeakHashMap.expungeStaleEntries()V @ 66
Event: 14.110 Thread 0x000000001ad61800 Uncommon trap: reason=bimorphic action=maybe_recompile pc=0x0000000003bc4280 method=java.util.regex.Pattern$5.isSatisfiedBy(I)Z @ 16
Event: 14.110 Thread 0x000000001ad61800 Uncommon trap: reason=bimorphic action=maybe_recompile pc=0x0000000003bc4280 method=java.util.regex.Pattern$5.isSatisfiedBy(I)Z @ 16
Event: 14.110 Thread 0x000000001ad61800 Uncommon trap: reason=bimorphic action=maybe_recompile pc=0x0000000003bc4280 method=java.util.regex.Pattern$5.isSatisfiedBy(I)Z @ 16
Event: 14.110 Thread 0x000000001ad61800 Uncommon trap: reason=bimorphic action=maybe_recompile pc=0x0000000003bc4280 method=java.util.regex.Pattern$5.isSatisfiedBy(I)Z @ 16

Classes redefined (0 events):
No events

Internal exceptions (10 events):
Event: 13.636 Thread 0x000000001ad61800 Exception <a 'java/lang/ClassNotFoundException': org/gradle/api/internal/artifacts/dsl/DefaultArtifactHandlerBeanInfo> (0x00000000e49e2eb8) thrown at [D:\src\AOSP-openjdk-cygwin\jdk8u\hotspot\src\share\vm\classfile\systemDictionary.cpp, line 210]
Event: 13.637 Thread 0x000000001ad61800 Exception <a 'java/lang/ClassNotFoundException': org/gradle/api/internal/artifacts/dsl/DefaultArtifactHandlerCustomizer> (0x00000000e4a318c0) thrown at [D:\src\AOSP-openjdk-cygwin\jdk8u\hotspot\src\share\vm\classfile\systemDictionary.cpp, line 210]
Event: 13.639 Thread 0x000000001ad61800 Exception <a 'java/lang/ClassNotFoundException': org/gradle/api/internal/artifacts/dsl/DefaultArtifactHandler_DecoratedCustomizer> (0x00000000e4a8f458) thrown at [D:\src\AOSP-openjdk-cygwin\jdk8u\hotspot\src\share\vm\classfile\systemDictionary.cpp, line 2
Event: 13.895 Thread 0x000000001ad61800 Exception <a 'java/lang/NoSuchMethodError': java.lang.Object.lambda$static$0(Ljava/util/Set;Ljava/util/Set;)Z> (0x00000000e54eacb8) thrown at [D:\src\AOSP-openjdk-cygwin\jdk8u\hotspot\src\share\vm\interpreter\linkResolver.cpp, line 620]
Event: 13.896 Thread 0x000000001ad61800 Exception <a 'java/lang/NoSuchMethodError': java.lang.Object.lambda$static$1(Ljava/util/Set;Ljava/util/Set;)Z> (0x00000000e54edc28) thrown at [D:\src\AOSP-openjdk-cygwin\jdk8u\hotspot\src\share\vm\interpreter\linkResolver.cpp, line 620]
Event: 13.896 Thread 0x000000001ad61800 Exception <a 'java/lang/NoSuchMethodError': java.lang.Object.lambda$static$2(Ljava/util/Set;Ljava/util/Set;)Z> (0x00000000e54f0768) thrown at [D:\src\AOSP-openjdk-cygwin\jdk8u\hotspot\src\share\vm\interpreter\linkResolver.cpp, line 620]
Event: 13.896 Thread 0x000000001ad61800 Exception <a 'java/lang/NoSuchMethodError': java.lang.Object.lambda$static$3(Ljava/util/Set;Ljava/util/Set;)Z> (0x00000000e54f32a8) thrown at [D:\src\AOSP-openjdk-cygwin\jdk8u\hotspot\src\share\vm\interpreter\linkResolver.cpp, line 620]
Event: 13.897 Thread 0x000000001ad61800 Exception <a 'java/lang/NoSuchMethodError': java.lang.Object.lambda$static$4(Ljava/util/Set;Ljava/util/Set;)Z> (0x00000000e54f5de8) thrown at [D:\src\AOSP-openjdk-cygwin\jdk8u\hotspot\src\share\vm\interpreter\linkResolver.cpp, line 620]
Event: 14.230 Thread 0x000000001ad61800 Exception <a 'java/lang/ClassNotFoundException': com/sun/org/glassfish/hk2/osgiresourcelocator/ServiceLoader> (0x00000000e5d03b08) thrown at [D:\src\AOSP-openjdk-cygwin\jdk8u\hotspot\src\share\vm\classfile\systemDictionary.cpp, line 210]
Event: 14.357 Thread 0x000000001ad61800 Exception <a 'java/lang/NullPointerException'> (0x00000000e61cf298) thrown at [D:\src\AOSP-openjdk-cygwin\jdk8u\hotspot\src\share\vm\interpreter\linkResolver.cpp, line 1287]

Events (10 events):
Event: 14.391 loading class com/sun/xml/bind/v2/util/ByteArrayOutputStreamEx
Event: 14.391 loading class com/sun/xml/bind/v2/util/ByteArrayOutputStreamEx done
Event: 14.391 loading class javax/xml/transform/Result
Event: 14.392 loading class javax/xml/transform/Result done
Event: 14.392 loading class com/sun/xml/bind/v2/model/impl/RuntimeBuiltinLeafInfoImpl$12
Event: 14.392 loading class com/sun/xml/bind/v2/model/impl/RuntimeBuiltinLeafInfoImpl$12 done
Event: 14.393 loading class javax/xml/datatype/XMLGregorianCalendar
Event: 14.393 loading class javax/xml/datatype/XMLGregorianCalendar done
Event: 14.393 loading class com/sun/xml/bind/v2/model/impl/RuntimeBuiltinLeafInfoImpl$13
Event: 14.393 loading class com/sun/xml/bind/v2/model/impl/RuntimeBuiltinLeafInfoImpl$13 done


Dynamic libraries:
0x00007ff63bbb0000 - 0x00007ff63bbe1000 	C:\Program Files\Android\Android Studio\jre\bin\java.exe
0x00007ffd01a10000 - 0x00007ffd01bfd000 	C:\Windows\SYSTEM32\ntdll.dll
0x00007ffd00a50000 - 0x00007ffd00b03000 	C:\Windows\System32\KERNEL32.DLL
0x00007ffcfe990000 - 0x00007ffcfec23000 	C:\Windows\System32\KERNELBASE.dll
0x00007ffd01710000 - 0x00007ffd017b3000 	C:\Windows\System32\ADVAPI32.dll
0x00007ffd015a0000 - 0x00007ffd0163e000 	C:\Windows\System32\msvcrt.dll
0x00007ffd00810000 - 0x00007ffd008ae000 	C:\Windows\System32\sechost.dll
0x00007ffd00bf0000 - 0x00007ffd00d12000 	C:\Windows\System32\RPCRT4.dll
0x00007ffd008b0000 - 0x00007ffd00a47000 	C:\Windows\System32\USER32.dll
0x00007ffcfe7e0000 - 0x00007ffcfe800000 	C:\Windows\System32\win32u.dll
0x00007ffcff1c0000 - 0x00007ffcff1e9000 	C:\Windows\System32\GDI32.dll
0x00007ffcfe240000 - 0x00007ffcfe3d9000 	C:\Windows\System32\gdi32full.dll
0x00007ffcfe740000 - 0x00007ffcfe7e0000 	C:\Windows\System32\msvcp_win.dll
0x00007ffcfe640000 - 0x00007ffcfe73a000 	C:\Windows\System32\ucrtbase.dll
0x00007ffcecc90000 - 0x00007ffcecf09000 	C:\Windows\WinSxS\amd64_microsoft.windows.common-controls_6595b64144ccf1df_6.0.17763.737_none_05b6437c071e554b\COMCTL32.dll
0x00007ffcfec30000 - 0x00007ffcfef5c000 	C:\Windows\System32\combase.dll
0x00007ffcfe800000 - 0x00007ffcfe87e000 	C:\Windows\System32\bcryptPrimitives.dll
0x00007ffcff1f0000 - 0x00007ffcff21e000 	C:\Windows\System32\IMM32.DLL
0x000000005f100000 - 0x000000005f1d2000 	C:\Program Files\Android\Android Studio\jre\jre\bin\msvcr100.dll
0x000000005f2c0000 - 0x000000005fb06000 	C:\Program Files\Android\Android Studio\jre\jre\bin\server\jvm.dll
0x00007ffd017c0000 - 0x00007ffd017c8000 	C:\Windows\System32\PSAPI.DLL
0x00007ffcfc570000 - 0x00007ffcfc579000 	C:\Windows\SYSTEM32\WSOCK32.dll
0x00007ffcf8810000 - 0x00007ffcf881a000 	C:\Windows\SYSTEM32\VERSION.dll
0x00007ffcfa8f0000 - 0x00007ffcfa914000 	C:\Windows\SYSTEM32\WINMM.dll
0x00007ffcff2a0000 - 0x00007ffcff30d000 	C:\Windows\System32\WS2_32.dll
0x00007ffcfa8c0000 - 0x00007ffcfa8ed000 	C:\Windows\SYSTEM32\WINMMBASE.dll
0x00007ffcfe410000 - 0x00007ffcfe45a000 	C:\Windows\System32\cfgmgr32.dll
0x00007ffcfae20000 - 0x00007ffcfae2f000 	C:\Program Files\Android\Android Studio\jre\jre\bin\verify.dll
0x00007ffcfadf0000 - 0x00007ffcfae19000 	C:\Program Files\Android\Android Studio\jre\jre\bin\java.dll
0x00007ffcfadd0000 - 0x00007ffcfade6000 	C:\Program Files\Android\Android Studio\jre\jre\bin\zip.dll
0x00007ffcff310000 - 0x00007ffd00802000 	C:\Windows\System32\SHELL32.dll
0x00007ffcff110000 - 0x00007ffcff1b8000 	C:\Windows\System32\shcore.dll
0x00007ffcfdad0000 - 0x00007ffcfe21a000 	C:\Windows\System32\windows.storage.dll
0x00007ffcfdaa0000 - 0x00007ffcfdac4000 	C:\Windows\System32\profapi.dll
0x00007ffcfda20000 - 0x00007ffcfda7d000 	C:\Windows\System32\powrprof.dll
0x00007ffd01970000 - 0x00007ffd019c2000 	C:\Windows\System32\shlwapi.dll
0x00007ffcfda00000 - 0x00007ffcfda11000 	C:\Windows\System32\kernel.appcore.dll
0x00007ffcfe220000 - 0x00007ffcfe237000 	C:\Windows\System32\cryptsp.dll
0x00007ffcfadb0000 - 0x00007ffcfadca000 	C:\Program Files\Android\Android Studio\jre\jre\bin\net.dll
0x00007ffcfd270000 - 0x00007ffcfd2d7000 	C:\Windows\system32\mswsock.dll
0x00007ffcfa970000 - 0x00007ffcfa981000 	C:\Program Files\Android\Android Studio\jre\jre\bin\nio.dll
0x00007ffcf1ac0000 - 0x00007ffcf1ae6000 	C:\Users\DELL\.gradle\native\29\windows-amd64\native-platform.dll
0x00007ffcfaa10000 - 0x00007ffcfaa1d000 	C:\Program Files\Android\Android Studio\jre\jre\bin\management.dll
0x00007ffcfcdf0000 - 0x00007ffcfce23000 	C:\Windows\system32\rsaenh.dll
0x00007ffcfe3e0000 - 0x00007ffcfe406000 	C:\Windows\System32\bcrypt.dll
0x00007ffcfd930000 - 0x00007ffcfd958000 	C:\Windows\SYSTEM32\USERENV.dll
0x00007ffcfd440000 - 0x00007ffcfd44c000 	C:\Windows\SYSTEM32\CRYPTBASE.dll
0x00007ffcfcf90000 - 0x00007ffcfcfcd000 	C:\Windows\SYSTEM32\IPHLPAPI.DLL
0x00007ffd019d0000 - 0x00007ffd019d8000 	C:\Windows\System32\NSI.dll
0x00007ffcf2320000 - 0x00007ffcf2336000 	C:\Windows\SYSTEM32\dhcpcsvc6.DLL
0x00007ffcf41b0000 - 0x00007ffcf41cc000 	C:\Windows\SYSTEM32\dhcpcsvc.DLL
0x00007ffcfcfd0000 - 0x00007ffcfd096000 	C:\Windows\SYSTEM32\DNSAPI.dll

VM Arguments:
jvm_args: -Xmx1536m -Dfile.encoding=windows-1252 -Duser.country=US -Duser.language=en -Duser.variant 
java_command: org.gradle.launcher.daemon.bootstrap.GradleDaemon 5.4.1
java_class_path (initial): C:\Users\DELL\.gradle\wrapper\dists\gradle-5.4.1-all\3221gyojl5jsh0helicew7rwx\gradle-5.4.1\lib\gradle-launcher-5.4.1.jar
Launcher Type: SUN_STANDARD

Environment Variables:
PATH=C:\ProgramData\Oracle\Java\javapath;C:\Windows\system32;C:\Windows;C:\Windows\System32\Wbem;C:\Windows\System32\WindowsPowerShell\v1.0\;C:\Windows\System32\OpenSSH\;C:\Program Files (x86)\NVIDIA Corporation\PhysX\Common;C:\Program Files\Git\cmd;C:\Gradle\gradle-5.6.1\bin;C:\Program Files\nodejs\;C:\Users\DELL\AppData\Local\Programs\Python\Python37-32\Scripts;C:\Users\DELL\AppData\Local\Programs\Python\Python37-32;C:\Users\DELL\AppData\Roaming\Python\Python37\Scripts;C:\Program Files\PostgreSQL\11\bin;C:\Program Files (x86)\scala\bin;C:\Users\DELL\AppData\Local\Microsoft\WindowsApps;C:\Users\DELL\AppData\Local\atom\bin;C:\Program Files\JetBrains\IntelliJ IDEA Community Edition 2019.2\bin;;C:\Program Files\JetBrains\IntelliJ IDEA 2019.2\bin;;C:\Users\DELL\AppData\Roaming\npm;C:\Users\DELL\AppData\Local\Google\Cloud SDK\google-cloud-sdk\bin;C:\Program Files\heroku\bin
USERNAME=DELL
OS=Windows_NT
PROCESSOR_IDENTIFIER=Intel64 Family 6 Model 94 Stepping 3, GenuineIntel



---------------  S Y S T E M  ---------------

OS: Windows 10.0 , 64 bit Build 17763 (10.0.17763.475)

CPU:total 8 (initial active 8) (4 cores per cpu, 2 threads per core) family 6 model 94 stepping 3, cmov, cx8, fxsr, mmx, sse, sse2, sse3, ssse3, sse4.1, sse4.2, popcnt, avx, avx2, aes, clmul, erms, rtm, 3dnowpref, lzcnt, ht, tsc, tscinvbit, bmi1, bmi2, adx

Memory: 4k page, physical 12450036k(482172k free), swap 27023856k(1228k free)

vm_info: OpenJDK 64-Bit Server VM (25.202-b03) for windows-amd64 JRE (1.8.0_202-release-1483-b03), built by "builder" with MS VC++ 10.0 (VS2010)

time: Sat Oct 19 16:39:18 2019
timezone: Pacific Daylight Time
elapsed time: 14 seconds (0d 0h 0m 14s)

