#
# There is insufficient memory for the Java Runtime Environment to continue.
# Native memory allocation (malloc) failed to allocate 673456 bytes for Chunk::new
# Possible reasons:
#   The system is out of physical RAM or swap space
#   The process is running with CompressedOops enabled, and the Java Heap may be blocking the growth of the native heap
# Possible solutions:
#   Reduce memory load on the system
#   Increase physical memory or swap space
#   Check if swap backing store is full
#   Decrease Java heap size (-Xmx/-Xms)
#   Decrease number of Java threads
#   Decrease Java thread stack sizes (-Xss)
#   Set larger code cache with -XX:ReservedCodeCacheSize=
#   JVM is running with Unscaled Compressed Oops mode in which the Java heap is
#     placed in the first 4GB address space. The Java Heap base address is the
#     maximum limit for the native heap growth. Please use -XX:HeapBaseMinAddress
#     to set the Java Heap base and to place the Java Heap above 4GB virtual address.
# This output file may be truncated or incomplete.
#
#  Out of Memory Error (allocation.cpp:389), pid=28884, tid=0x000000000000c3bc
#
# JRE version: OpenJDK Runtime Environment (8.0_202-b03) (build 1.8.0_202-release-1483-b03)
# Java VM: OpenJDK 64-Bit Server VM (25.202-b03 mixed mode windows-amd64 compressed oops)
# Failed to write core dump. Minidumps are not enabled by default on client versions of Windows
#

---------------  T H R E A D  ---------------

Current thread (0x0000000018c7b800):  JavaThread "C2 CompilerThread2" daemon [_thread_in_native, id=50108, stack(0x0000000019750000,0x0000000019850000)]

Stack: [0x0000000019750000,0x0000000019850000]
[error occurred during error reporting (printing stack bounds), id 0xc0000005]

Native frames: (J=compiled Java code, j=interpreted, Vv=VM code, C=native code)


Current CompileTask:
C2:  17367 7262       4       org.gradle.internal.serialize.kryo.StringDeduplicatingKryoBackedEncoder::writeNullableString (55 bytes)


---------------  P R O C E S S  ---------------

Java Threads: ( => current thread )
  0x000000001a0f9800 JavaThread "Memory manager" [_thread_blocked, id=43300, stack(0x0000000023b20000,0x0000000023c20000)]
  0x000000001a0f5000 JavaThread "Cache worker for Build Output Cleanup Cache (C:\Users\DELL\AndroidStudioProjects\CodeLocker\.gradle\buildOutputCleanup)" [_thread_blocked, id=46072, stack(0x0000000022e20000,0x0000000022f20000)]
  0x000000001a0f8000 JavaThread "Build operations Thread 8" [_thread_blocked, id=40472, stack(0x0000000022720000,0x0000000022820000)]
  0x000000001a0ed800 JavaThread "Build operations Thread 7" [_thread_in_native, id=50824, stack(0x0000000022620000,0x0000000022720000)]
  0x000000001a0f3800 JavaThread "Build operations Thread 6" [_thread_blocked, id=47916, stack(0x0000000022520000,0x0000000022620000)]
  0x000000001a0ef800 JavaThread "Build operations Thread 5" [_thread_in_Java, id=25948, stack(0x0000000022420000,0x0000000022520000)]
  0x000000001a0f2800 JavaThread "Build operations Thread 4" [_thread_blocked, id=11692, stack(0x0000000022320000,0x0000000022420000)]
  0x000000001a0ef000 JavaThread "Build operations Thread 3" [_thread_blocked, id=16604, stack(0x0000000022220000,0x0000000022320000)]
  0x000000001a0f0800 JavaThread "Build operations Thread 2" [_thread_blocked, id=30604, stack(0x0000000022120000,0x0000000022220000)]
  0x000000001a0f2000 JavaThread "Build operations" [_thread_blocked, id=36060, stack(0x0000000021790000,0x0000000021890000)]
  0x000000001a0f4000 JavaThread "Cache worker for execution history cache (C:\Users\DELL\.gradle\caches\5.4.1\executionHistory)" [_thread_blocked, id=50544, stack(0x0000000020460000,0x0000000020560000)]
  0x000000001a3a2000 JavaThread "Cache worker for cache directory md-rule (C:\Users\DELL\.gradle\caches\5.4.1\md-rule)" [_thread_blocked, id=41228, stack(0x0000000020150000,0x0000000020250000)]
  0x000000001a3a1000 JavaThread "Cache worker for cache directory md-supplier (C:\Users\DELL\.gradle\caches\5.4.1\md-supplier)" [_thread_blocked, id=22848, stack(0x000000001fe10000,0x000000001ff10000)]
  0x000000001a39d800 JavaThread "Cache worker for file hash cache (C:\Users\DELL\AndroidStudioProjects\CodeLocker\.gradle\5.4.1\fileHashes)" [_thread_blocked, id=43432, stack(0x000000001fd10000,0x000000001fe10000)]
  0x000000001a39e000 JavaThread "Cache worker for journal cache (C:\Users\DELL\.gradle\caches\journal-1)" [_thread_blocked, id=37572, stack(0x000000001d870000,0x000000001d970000)]
  0x000000001a3a0800 JavaThread "File lock request listener" [_thread_in_native, id=40116, stack(0x000000001d770000,0x000000001d870000)]
  0x0000000018f86000 JavaThread "Cache worker for file hash cache (C:\Users\DELL\.gradle\caches\5.4.1\fileHashes)" [_thread_blocked, id=49684, stack(0x000000001d670000,0x000000001d770000)]
  0x000000001b00b000 JavaThread "Thread-9" [_thread_blocked, id=22312, stack(0x000000001c5a0000,0x000000001c6a0000)]
  0x000000001b00a000 JavaThread "Stdin handler" [_thread_blocked, id=41788, stack(0x000000001c4a0000,0x000000001c5a0000)]
  0x000000001affe800 JavaThread "Asynchronous log dispatcher for DefaultDaemonConnection: socket connection from /127.0.0.1:61683 to /127.0.0.1:61684" [_thread_blocked, id=25708, stack(0x000000001c2a0000,0x000000001c3a0000)]
  0x000000001aff7000 JavaThread "Daemon worker" [_thread_in_native, id=35792, stack(0x000000001c1a0000,0x000000001c2a0000)]
  0x000000001aff6800 JavaThread "Cancel handler" [_thread_blocked, id=35668, stack(0x000000001c0a0000,0x000000001c1a0000)]
  0x000000001afe5000 JavaThread "Handler for socket connection from /127.0.0.1:61683 to /127.0.0.1:61684" [_thread_in_native, id=34020, stack(0x000000001bda0000,0x000000001bea0000)]
  0x000000001afe7000 JavaThread "Daemon" [_thread_blocked, id=44168, stack(0x000000001bca0000,0x000000001bda0000)]
  0x000000001afe2800 JavaThread "Daemon periodic checks" [_thread_blocked, id=31752, stack(0x000000001bba0000,0x000000001bca0000)]
  0x000000001af63800 JavaThread "Incoming local TCP Connector on port 61683" [_thread_in_native, id=32044, stack(0x000000001b960000,0x000000001ba60000)]
  0x000000001adae000 JavaThread "Daemon health stats" [_thread_blocked, id=45772, stack(0x000000001b320000,0x000000001b420000)]
  0x0000000018ca1000 JavaThread "Service Thread" daemon [_thread_blocked, id=47148, stack(0x0000000019950000,0x0000000019a50000)]
  0x0000000018c8a000 JavaThread "C1 CompilerThread3" daemon [_thread_blocked, id=47612, stack(0x0000000019850000,0x0000000019950000)]
=>0x0000000018c7b800 JavaThread "C2 CompilerThread2" daemon [_thread_in_native, id=50108, stack(0x0000000019750000,0x0000000019850000)]
  0x0000000018c77000 JavaThread "C2 CompilerThread1" daemon [_thread_in_native, id=40988, stack(0x0000000019650000,0x0000000019750000)]
  0x0000000018c85800 JavaThread "C2 CompilerThread0" daemon [_thread_in_native, id=47384, stack(0x0000000019550000,0x0000000019650000)]
  0x0000000018c82800 JavaThread "Attach Listener" daemon [_thread_blocked, id=33516, stack(0x0000000019450000,0x0000000019550000)]
  0x0000000018c81800 JavaThread "Signal Dispatcher" daemon [_thread_blocked, id=16320, stack(0x0000000019350000,0x0000000019450000)]
  0x0000000018c71000 JavaThread "Finalizer" daemon [_thread_blocked, id=17188, stack(0x0000000019150000,0x0000000019250000)]
  0x0000000018c70800 JavaThread "Reference Handler" daemon [_thread_blocked, id=36968, stack(0x0000000019050000,0x0000000019150000)]
  0x000000000165e000 JavaThread "main" [_thread_blocked, id=10924, stack(0x0000000002e70000,0x0000000002f70000)]

Other Threads:
  0x0000000016e26000 VMThread [stack: 0x0000000018b50000,0x0000000018c50000] [id=45900]
  0x0000000018ca1800 WatcherThread [stack: 0x0000000019a50000,0x0000000019b50000] [id=36844]

VM state:not at safepoint (normal execution)

VM Mutex/Monitor currently owned by a thread: None

heap address: 0x00000000a0000000, size: 1536 MB, Compressed Oops mode: 32-bit
Narrow klass base: 0x0000000000000000, Narrow klass shift: 3
Compressed class space size: 1073741824 Address: 0x0000000100000000

Heap:
 PSYoungGen      total 141312K, used 21737K [0x00000000e0000000, 0x00000000eb380000, 0x0000000100000000)
  eden space 120832K, 10% used [0x00000000e0000000,0x00000000e0bffeb0,0x00000000e7600000)
  from space 20480K, 46% used [0x00000000e7600000,0x00000000e7f3a640,0x00000000e8a00000)
  to   space 19456K, 0% used [0x00000000ea080000,0x00000000ea080000,0x00000000eb380000)
 ParOldGen       total 154112K, used 31270K [0x00000000a0000000, 0x00000000a9680000, 0x00000000e0000000)
  object space 154112K, 20% used [0x00000000a0000000,0x00000000a1e89938,0x00000000a9680000)
 Metaspace       used 62532K, capacity 64936K, committed 65152K, reserved 1105920K
  class space    used 8554K, capacity 9043K, committed 9088K, reserved 1048576K

Card table byte_map: [0x0000000012430000,0x0000000012740000] byte_map_base: 0x0000000011f30000

Marking Bits: (ParMarkBitMap*) 0x000000005fa89f30
 Begin Bits: [0x0000000013140000, 0x0000000014940000)
 End Bits:   [0x0000000014940000, 0x0000000016140000)

Polling page: 0x0000000001130000

CodeCache: size=245760Kb used=20700Kb max_used=20826Kb free=225059Kb
 bounds [0x0000000003070000, 0x00000000044f0000, 0x0000000012070000]
 total_blobs=7270 nmethods=6480 adapters=703
 compilation: enabled

Compilation events (10 events):
Event: 17.360 Thread 0x0000000018c8a000 nmethod 7333 0x0000000003af2450 code [0x0000000003af25c0, 0x0000000003af28a8]
Event: 17.360 Thread 0x0000000018c8a000 7334       3       org.gradle.internal.snapshot.impl.ImplementationSnapshot$SerializerImpl$ImplementationSnapshotSerializer::read (14 bytes)
Event: 17.360 Thread 0x0000000018c8a000 nmethod 7334 0x00000000038ba1d0 code [0x00000000038ba340, 0x00000000038ba638]
Event: 17.360 Thread 0x0000000018c8a000 7335       3       org.gradle.internal.snapshot.impl.ImplementationSnapshot$SerializerImpl$ImplementationSnapshotSerializer$1::doRead (24 bytes)
Event: 17.360 Thread 0x0000000018c8a000 nmethod 7335 0x00000000038b9990 code [0x00000000038b9b20, 0x00000000038b9fc8]
Event: 17.361 Thread 0x0000000018c8a000 7337       3       org.gradle.internal.snapshot.impl.ImplementationSnapshot::of (36 bytes)
Event: 17.361 Thread 0x0000000018c8a000 nmethod 7337 0x00000000038b8fd0 code [0x00000000038b9180, 0x00000000038b9658]
Event: 17.361 Thread 0x0000000018c8a000 7338       3       com.google.common.collect.ImmutableSortedMap::of (9 bytes)
Event: 17.363 Thread 0x0000000018c8a000 nmethod 7338 0x00000000039d42d0 code [0x00000000039d45a0, 0x00000000039d5b18]
Event: 17.363 Thread 0x0000000018c8a000 7339       3       com.google.common.collect.ImmutableSortedMap::of (30 bytes)

GC Heap History (10 events):
Event: 11.006 GC heap before
{Heap before GC invocations=12 (full 2):
 PSYoungGen      total 97280K, used 96439K [0x00000000e0000000, 0x00000000e7e80000, 0x0000000100000000)
  eden space 84992K, 100% used [0x00000000e0000000,0x00000000e5300000,0x00000000e5300000)
  from space 12288K, 93% used [0x00000000e5300000,0x00000000e5e2dd58,0x00000000e5f00000)
  to   space 13312K, 0% used [0x00000000e7180000,0x00000000e7180000,0x00000000e7e80000)
 ParOldGen       total 154112K, used 15636K [0x00000000a0000000, 0x00000000a9680000, 0x00000000e0000000)
  object space 154112K, 10% used [0x00000000a0000000,0x00000000a0f45198,0x00000000a9680000)
 Metaspace       used 49833K, capacity 51526K, committed 51712K, reserved 1093632K
  class space    used 6736K, capacity 7107K, committed 7168K, reserved 1048576K
Event: 11.020 GC heap after
Heap after GC invocations=12 (full 2):
 PSYoungGen      total 114176K, used 13287K [0x00000000e0000000, 0x00000000e8180000, 0x0000000100000000)
  eden space 100864K, 0% used [0x00000000e0000000,0x00000000e0000000,0x00000000e6280000)
  from space 13312K, 99% used [0x00000000e7180000,0x00000000e7e79cc0,0x00000000e7e80000)
  to   space 15360K, 0% used [0x00000000e6280000,0x00000000e6280000,0x00000000e7180000)
 ParOldGen       total 154112K, used 18246K [0x00000000a0000000, 0x00000000a9680000, 0x00000000e0000000)
  object space 154112K, 11% used [0x00000000a0000000,0x00000000a11d1928,0x00000000a9680000)
 Metaspace       used 49833K, capacity 51526K, committed 51712K, reserved 1093632K
  class space    used 6736K, capacity 7107K, committed 7168K, reserved 1048576K
}
Event: 12.863 GC heap before
{Heap before GC invocations=13 (full 2):
 PSYoungGen      total 114176K, used 114151K [0x00000000e0000000, 0x00000000e8180000, 0x0000000100000000)
  eden space 100864K, 100% used [0x00000000e0000000,0x00000000e6280000,0x00000000e6280000)
  from space 13312K, 99% used [0x00000000e7180000,0x00000000e7e79cc0,0x00000000e7e80000)
  to   space 15360K, 0% used [0x00000000e6280000,0x00000000e6280000,0x00000000e7180000)
 ParOldGen       total 154112K, used 18246K [0x00000000a0000000, 0x00000000a9680000, 0x00000000e0000000)
  object space 154112K, 11% used [0x00000000a0000000,0x00000000a11d1928,0x00000000a9680000)
 Metaspace       used 56287K, capacity 58378K, committed 58624K, reserved 1099776K
  class space    used 7705K, capacity 8138K, committed 8192K, reserved 1048576K
Event: 12.891 GC heap after
Heap after GC invocations=13 (full 2):
 PSYoungGen      total 116224K, used 15356K [0x00000000e0000000, 0x00000000e9c80000, 0x0000000100000000)
  eden space 100864K, 0% used [0x00000000e0000000,0x00000000e0000000,0x00000000e6280000)
  from space 15360K, 99% used [0x00000000e6280000,0x00000000e717f310,0x00000000e7180000)
  to   space 18944K, 0% used [0x00000000e8a00000,0x00000000e8a00000,0x00000000e9c80000)
 ParOldGen       total 154112K, used 22382K [0x00000000a0000000, 0x00000000a9680000, 0x00000000e0000000)
  object space 154112K, 14% used [0x00000000a0000000,0x00000000a15dba30,0x00000000a9680000)
 Metaspace       used 56287K, capacity 58378K, committed 58624K, reserved 1099776K
  class space    used 7705K, capacity 8138K, committed 8192K, reserved 1048576K
}
Event: 13.405 GC heap before
{Heap before GC invocations=14 (full 2):
 PSYoungGen      total 116224K, used 36422K [0x00000000e0000000, 0x00000000e9c80000, 0x0000000100000000)
  eden space 100864K, 20% used [0x00000000e0000000,0x00000000e14928d8,0x00000000e6280000)
  from space 15360K, 99% used [0x00000000e6280000,0x00000000e717f310,0x00000000e7180000)
  to   space 18944K, 0% used [0x00000000e8a00000,0x00000000e8a00000,0x00000000e9c80000)
 ParOldGen       total 154112K, used 22382K [0x00000000a0000000, 0x00000000a9680000, 0x00000000e0000000)
  object space 154112K, 14% used [0x00000000a0000000,0x00000000a15dba30,0x00000000a9680000)
 Metaspace       used 56959K, capacity 58934K, committed 59096K, reserved 1099776K
  class space    used 7787K, capacity 8216K, committed 8320K, reserved 1048576K
Event: 13.426 GC heap after
Heap after GC invocations=14 (full 2):
 PSYoungGen      total 139776K, used 16673K [0x00000000e0000000, 0x00000000ea600000, 0x0000000100000000)
  eden space 120832K, 0% used [0x00000000e0000000,0x00000000e0000000,0x00000000e7600000)
  from space 18944K, 88% used [0x00000000e8a00000,0x00000000e9a48638,0x00000000e9c80000)
  to   space 20480K, 0% used [0x00000000e7600000,0x00000000e7600000,0x00000000e8a00000)
 ParOldGen       total 154112K, used 22390K [0x00000000a0000000, 0x00000000a9680000, 0x00000000e0000000)
  object space 154112K, 14% used [0x00000000a0000000,0x00000000a15dda30,0x00000000a9680000)
 Metaspace       used 56959K, capacity 58934K, committed 59096K, reserved 1099776K
  class space    used 7787K, capacity 8216K, committed 8320K, reserved 1048576K
}
Event: 13.426 GC heap before
{Heap before GC invocations=15 (full 3):
 PSYoungGen      total 139776K, used 16673K [0x00000000e0000000, 0x00000000ea600000, 0x0000000100000000)
  eden space 120832K, 0% used [0x00000000e0000000,0x00000000e0000000,0x00000000e7600000)
  from space 18944K, 88% used [0x00000000e8a00000,0x00000000e9a48638,0x00000000e9c80000)
  to   space 20480K, 0% used [0x00000000e7600000,0x00000000e7600000,0x00000000e8a00000)
 ParOldGen       total 154112K, used 22390K [0x00000000a0000000, 0x00000000a9680000, 0x00000000e0000000)
  object space 154112K, 14% used [0x00000000a0000000,0x00000000a15dda30,0x00000000a9680000)
 Metaspace       used 56959K, capacity 58934K, committed 59096K, reserved 1099776K
  class space    used 7787K, capacity 8216K, committed 8320K, reserved 1048576K
Event: 13.722 GC heap after
Heap after GC invocations=15 (full 3):
 PSYoungGen      total 139776K, used 0K [0x00000000e0000000, 0x00000000ea600000, 0x0000000100000000)
  eden space 120832K, 0% used [0x00000000e0000000,0x00000000e0000000,0x00000000e7600000)
  from space 18944K, 0% used [0x00000000e8a00000,0x00000000e8a00000,0x00000000e9c80000)
  to   space 20480K, 0% used [0x00000000e7600000,0x00000000e7600000,0x00000000e8a00000)
 ParOldGen       total 154112K, used 31262K [0x00000000a0000000, 0x00000000a9680000, 0x00000000e0000000)
  object space 154112K, 20% used [0x00000000a0000000,0x00000000a1e87938,0x00000000a9680000)
 Metaspace       used 56936K, capacity 58856K, committed 59096K, reserved 1099776K
  class space    used 7779K, capacity 8203K, committed 8320K, reserved 1048576K
}
Event: 17.010 GC heap before
{Heap before GC invocations=16 (full 3):
 PSYoungGen      total 139776K, used 120832K [0x00000000e0000000, 0x00000000ea600000, 0x0000000100000000)
  eden space 120832K, 100% used [0x00000000e0000000,0x00000000e7600000,0x00000000e7600000)
  from space 18944K, 0% used [0x00000000e8a00000,0x00000000e8a00000,0x00000000e9c80000)
  to   space 20480K, 0% used [0x00000000e7600000,0x00000000e7600000,0x00000000e8a00000)
 ParOldGen       total 154112K, used 31262K [0x00000000a0000000, 0x00000000a9680000, 0x00000000e0000000)
  object space 154112K, 20% used [0x00000000a0000000,0x00000000a1e87938,0x00000000a9680000)
 Metaspace       used 62169K, capacity 64562K, committed 64640K, reserved 1105920K
  class space    used 8518K, capacity 9024K, committed 9088K, reserved 1048576K
Event: 17.024 GC heap after
Heap after GC invocations=16 (full 3):
 PSYoungGen      total 141312K, used 9449K [0x00000000e0000000, 0x00000000eb380000, 0x0000000100000000)
  eden space 120832K, 0% used [0x00000000e0000000,0x00000000e0000000,0x00000000e7600000)
  from space 20480K, 46% used [0x00000000e7600000,0x00000000e7f3a640,0x00000000e8a00000)
  to   space 19456K, 0% used [0x00000000ea080000,0x00000000ea080000,0x00000000eb380000)
 ParOldGen       total 154112K, used 31270K [0x00000000a0000000, 0x00000000a9680000, 0x00000000e0000000)
  object space 154112K, 20% used [0x00000000a0000000,0x00000000a1e89938,0x00000000a9680000)
 Metaspace       used 62169K, capacity 64562K, committed 64640K, reserved 1105920K
  class space    used 8518K, capacity 9024K, committed 9088K, reserved 1048576K
}

Deoptimization events (10 events):
Event: 15.345 Thread 0x000000001aff7000 Uncommon trap: reason=bimorphic action=maybe_recompile pc=0x00000000042815bc method=com.google.common.base.Objects.equal(Ljava/lang/Object;Ljava/lang/Object;)Z @ 11
Event: 15.345 Thread 0x000000001a0ef000 Uncommon trap: reason=bimorphic action=maybe_recompile pc=0x00000000042815bc method=com.google.common.base.Objects.equal(Ljava/lang/Object;Ljava/lang/Object;)Z @ 11
Event: 15.376 Thread 0x000000001a0f4000 Uncommon trap: reason=unstable_if action=reinterpret pc=0x00000000041eee60 method=com.esotericsoftware.kryo.io.Input.readUtf8(I)V @ 79
Event: 15.377 Thread 0x000000001a0f4000 Uncommon trap: reason=unstable_if action=reinterpret pc=0x0000000003b1fc60 method=com.esotericsoftware.kryo.io.Input.readUtf8(I)V @ 79
Event: 15.524 Thread 0x000000001a0f3800 Uncommon trap: reason=bimorphic action=maybe_recompile pc=0x0000000003ef4628 method=java.util.concurrent.ConcurrentHashMap.putVal(Ljava/lang/Object;Ljava/lang/Object;Z)Ljava/lang/Object; @ 192
Event: 15.586 Thread 0x000000001a0f0800 Uncommon trap: reason=unstable_if action=reinterpret pc=0x0000000003ef458c method=java.util.concurrent.ConcurrentHashMap.addCount(JI)V @ 97
Event: 16.158 Thread 0x000000001a0ef000 Uncommon trap: reason=unstable_if action=reinterpret pc=0x0000000003c2a7a4 method=java.util.concurrent.ConcurrentHashMap.addCount(JI)V @ 97
Event: 16.159 Thread 0x000000001a0f2000 Uncommon trap: reason=null_check action=make_not_entrant pc=0x0000000004394364 method=sun.nio.fs.NativeBuffers.getNativeBufferFromCache(I)Lsun/nio/fs/NativeBuffer; @ 6
Event: 16.159 Thread 0x000000001a0f2000 Uncommon trap: reason=null_check action=make_not_entrant pc=0x000000000439782c method=sun.nio.fs.NativeBuffers.releaseNativeBuffer(Lsun/nio/fs/NativeBuffer;)V @ 6
Event: 17.085 Thread 0x000000001aff7000 Uncommon trap: reason=unstable_if action=reinterpret pc=0x0000000003bc68e8 method=java.util.regex.Pattern$GroupTail.match(Ljava/util/regex/Matcher;ILjava/lang/CharSequence;)Z @ 73

Classes redefined (0 events):
No events

Internal exceptions (10 events):
Event: 14.883 Thread 0x000000001aff7000 Exception <a 'java/lang/ClassNotFoundException': groovy/util/BuilderSupportCustomizer> (0x00000000e34d6070) thrown at [D:\src\AOSP-openjdk-cygwin\jdk8u\hotspot\src\share\vm\classfile\systemDictionary.cpp, line 210]
Event: 14.884 Thread 0x000000001aff7000 Exception <a 'java/security/PrivilegedActionException'> (0x00000000e34e1328) thrown at [D:\src\AOSP-openjdk-cygwin\jdk8u\hotspot\src\share\vm\prims\jvm.cpp, line 1508]
Event: 14.884 Thread 0x000000001aff7000 Exception <a 'java/security/PrivilegedActionException'> (0x00000000e34e20a8) thrown at [D:\src\AOSP-openjdk-cygwin\jdk8u\hotspot\src\share\vm\prims\jvm.cpp, line 1508]
Event: 14.884 Thread 0x000000001aff7000 Exception <a 'java/security/PrivilegedActionException'> (0x00000000e34ed998) thrown at [D:\src\AOSP-openjdk-cygwin\jdk8u\hotspot\src\share\vm\prims\jvm.cpp, line 1508]
Event: 14.884 Thread 0x000000001aff7000 Exception <a 'java/security/PrivilegedActionException'> (0x00000000e34ee718) thrown at [D:\src\AOSP-openjdk-cygwin\jdk8u\hotspot\src\share\vm\prims\jvm.cpp, line 1508]
Event: 14.884 Thread 0x000000001aff7000 Exception <a 'java/lang/ClassNotFoundException': groovy/util/AntBuilderCustomizer> (0x00000000e34f2900) thrown at [D:\src\AOSP-openjdk-cygwin\jdk8u\hotspot\src\share\vm\classfile\systemDictionary.cpp, line 210]
Event: 14.886 Thread 0x000000001aff7000 Exception <a 'java/lang/ClassNotFoundException': org/gradle/api/AntBuilderCustomizer> (0x00000000e350b4b0) thrown at [D:\src\AOSP-openjdk-cygwin\jdk8u\hotspot\src\share\vm\classfile\systemDictionary.cpp, line 210]
Event: 14.887 Thread 0x000000001aff7000 Exception <a 'java/lang/ClassNotFoundException': org/gradle/api/internal/project/ant/BasicAntBuilderCustomizer> (0x00000000e3530f30) thrown at [D:\src\AOSP-openjdk-cygwin\jdk8u\hotspot\src\share\vm\classfile\systemDictionary.cpp, line 210]
Event: 14.888 Thread 0x000000001aff7000 Exception <a 'java/lang/ClassNotFoundException': org/gradle/api/internal/project/DefaultAntBuilderCustomizer> (0x00000000e355e3a0) thrown at [D:\src\AOSP-openjdk-cygwin\jdk8u\hotspot\src\share\vm\classfile\systemDictionary.cpp, line 210]
Event: 16.159 Thread 0x000000001a0f2000 Implicit null exception at 0x0000000004397523 to 0x000000000439781c

Events (10 events):
Event: 17.086 loading class com/android/builder/model/JavaArtifact
Event: 17.086 loading class com/android/builder/model/JavaArtifact done
Event: 17.087 loading class com/android/build/gradle/internal/ide/JavaArtifactImpl
Event: 17.087 loading class com/android/build/gradle/internal/ide/JavaArtifactImpl done
Event: 17.087 loading class com/android/builder/model/JavaArtifact
Event: 17.087 loading class com/android/builder/model/JavaArtifact done
Event: 17.087 loading class com/android/build/gradle/internal/ide/ModelBuilder
Event: 17.087 loading class com/android/build/gradle/internal/ide/ModelBuilder done
Event: 17.090 Thread 0x000000001aff7000 DEOPT PACKING pc=0x00000000040714f7 sp=0x000000001c298f90
Event: 17.090 Thread 0x000000001aff7000 DEOPT UNPACKING pc=0x00000000030b75d0 sp=0x000000001c298d00 mode 0


Dynamic libraries:
0x00007ff66a680000 - 0x00007ff66a6b1000 	C:\Program Files\Android\Android Studio\jre\bin\java.exe
0x00007ffd01a10000 - 0x00007ffd01bfd000 	C:\Windows\SYSTEM32\ntdll.dll
0x00007ffd00a50000 - 0x00007ffd00b03000 	C:\Windows\System32\KERNEL32.DLL
0x00007ffcfe990000 - 0x00007ffcfec23000 	C:\Windows\System32\KERNELBASE.dll
0x00007ffd01710000 - 0x00007ffd017b3000 	C:\Windows\System32\ADVAPI32.dll
0x00007ffd015a0000 - 0x00007ffd0163e000 	C:\Windows\System32\msvcrt.dll
0x00007ffd00810000 - 0x00007ffd008ae000 	C:\Windows\System32\sechost.dll
0x00007ffd00bf0000 - 0x00007ffd00d12000 	C:\Windows\System32\RPCRT4.dll
0x00007ffd008b0000 - 0x00007ffd00a47000 	C:\Windows\System32\USER32.dll
0x00007ffcfe7e0000 - 0x00007ffcfe800000 	C:\Windows\System32\win32u.dll
0x00007ffcff1c0000 - 0x00007ffcff1e9000 	C:\Windows\System32\GDI32.dll
0x00007ffcfe240000 - 0x00007ffcfe3d9000 	C:\Windows\System32\gdi32full.dll
0x00007ffcfe740000 - 0x00007ffcfe7e0000 	C:\Windows\System32\msvcp_win.dll
0x00007ffcfe640000 - 0x00007ffcfe73a000 	C:\Windows\System32\ucrtbase.dll
0x00007ffcecc90000 - 0x00007ffcecf09000 	C:\Windows\WinSxS\amd64_microsoft.windows.common-controls_6595b64144ccf1df_6.0.17763.737_none_05b6437c071e554b\COMCTL32.dll
0x00007ffcfec30000 - 0x00007ffcfef5c000 	C:\Windows\System32\combase.dll
0x00007ffcfe800000 - 0x00007ffcfe87e000 	C:\Windows\System32\bcryptPrimitives.dll
0x00007ffcff1f0000 - 0x00007ffcff21e000 	C:\Windows\System32\IMM32.DLL
0x000000005f100000 - 0x000000005f1d2000 	C:\Program Files\Android\Android Studio\jre\jre\bin\msvcr100.dll
0x000000005f2c0000 - 0x000000005fb06000 	C:\Program Files\Android\Android Studio\jre\jre\bin\server\jvm.dll
0x00007ffd017c0000 - 0x00007ffd017c8000 	C:\Windows\System32\PSAPI.DLL
0x00007ffcf8810000 - 0x00007ffcf881a000 	C:\Windows\SYSTEM32\VERSION.dll
0x00007ffcfc570000 - 0x00007ffcfc579000 	C:\Windows\SYSTEM32\WSOCK32.dll
0x00007ffcfa8f0000 - 0x00007ffcfa914000 	C:\Windows\SYSTEM32\WINMM.dll
0x00007ffcff2a0000 - 0x00007ffcff30d000 	C:\Windows\System32\WS2_32.dll
0x00007ffcfa8c0000 - 0x00007ffcfa8ed000 	C:\Windows\SYSTEM32\winmmbase.dll
0x00007ffcfe410000 - 0x00007ffcfe45a000 	C:\Windows\System32\cfgmgr32.dll
0x00007ffcf8f70000 - 0x00007ffcf8f7f000 	C:\Program Files\Android\Android Studio\jre\jre\bin\verify.dll
0x00007ffce1870000 - 0x00007ffce1899000 	C:\Program Files\Android\Android Studio\jre\jre\bin\java.dll
0x00007ffcf82d0000 - 0x00007ffcf82e6000 	C:\Program Files\Android\Android Studio\jre\jre\bin\zip.dll
0x00007ffcff310000 - 0x00007ffd00802000 	C:\Windows\System32\SHELL32.dll
0x00007ffcff110000 - 0x00007ffcff1b8000 	C:\Windows\System32\shcore.dll
0x00007ffcfdad0000 - 0x00007ffcfe21a000 	C:\Windows\System32\windows.storage.dll
0x00007ffcfdaa0000 - 0x00007ffcfdac4000 	C:\Windows\System32\profapi.dll
0x00007ffcfda20000 - 0x00007ffcfda7d000 	C:\Windows\System32\powrprof.dll
0x00007ffd01970000 - 0x00007ffd019c2000 	C:\Windows\System32\shlwapi.dll
0x00007ffcfda00000 - 0x00007ffcfda11000 	C:\Windows\System32\kernel.appcore.dll
0x00007ffcfe220000 - 0x00007ffcfe237000 	C:\Windows\System32\cryptsp.dll
0x00007ffcf1b30000 - 0x00007ffcf1b4a000 	C:\Program Files\Android\Android Studio\jre\jre\bin\net.dll
0x00007ffcfd270000 - 0x00007ffcfd2d7000 	C:\Windows\system32\mswsock.dll
0x00007ffce9920000 - 0x00007ffce9931000 	C:\Program Files\Android\Android Studio\jre\jre\bin\nio.dll
0x00007ffce1be0000 - 0x00007ffce1c06000 	C:\Users\DELL\.gradle\native\29\windows-amd64\native-platform.dll
0x00007ffcf8260000 - 0x00007ffcf826d000 	C:\Program Files\Android\Android Studio\jre\jre\bin\management.dll
0x00007ffcfcdf0000 - 0x00007ffcfce23000 	C:\Windows\system32\rsaenh.dll
0x00007ffcfe3e0000 - 0x00007ffcfe406000 	C:\Windows\System32\bcrypt.dll
0x00007ffcfd930000 - 0x00007ffcfd958000 	C:\Windows\SYSTEM32\USERENV.dll
0x00007ffcfd440000 - 0x00007ffcfd44c000 	C:\Windows\SYSTEM32\CRYPTBASE.dll
0x00007ffcfcf90000 - 0x00007ffcfcfcd000 	C:\Windows\SYSTEM32\IPHLPAPI.DLL
0x00007ffd019d0000 - 0x00007ffd019d8000 	C:\Windows\System32\NSI.dll
0x00007ffcf2320000 - 0x00007ffcf2336000 	C:\Windows\SYSTEM32\dhcpcsvc6.DLL
0x00007ffcf41b0000 - 0x00007ffcf41cc000 	C:\Windows\SYSTEM32\dhcpcsvc.DLL
0x00007ffcfcfd0000 - 0x00007ffcfd096000 	C:\Windows\SYSTEM32\DNSAPI.dll

VM Arguments:
jvm_args: -Xmx1536m -Dfile.encoding=windows-1252 -Duser.country=US -Duser.language=en -Duser.variant 
java_command: org.gradle.launcher.daemon.bootstrap.GradleDaemon 5.4.1
java_class_path (initial): C:\Users\DELL\.gradle\wrapper\dists\gradle-5.4.1-all\3221gyojl5jsh0helicew7rwx\gradle-5.4.1\lib\gradle-launcher-5.4.1.jar
Launcher Type: SUN_STANDARD

Environment Variables:
PATH=C:\ProgramData\Oracle\Java\javapath;C:\Windows\system32;C:\Windows;C:\Windows\System32\Wbem;C:\Windows\System32\WindowsPowerShell\v1.0\;C:\Windows\System32\OpenSSH\;C:\Program Files (x86)\NVIDIA Corporation\PhysX\Common;C:\Program Files\Git\cmd;C:\Gradle\gradle-5.6.1\bin;C:\Program Files\nodejs\;C:\Users\DELL\AppData\Local\Programs\Python\Python37-32\Scripts;C:\Users\DELL\AppData\Local\Programs\Python\Python37-32;C:\Users\DELL\AppData\Roaming\Python\Python37\Scripts;C:\Program Files\PostgreSQL\11\bin;C:\Program Files (x86)\scala\bin;C:\Users\DELL\AppData\Local\Microsoft\WindowsApps;C:\Users\DELL\AppData\Local\atom\bin;C:\Program Files\JetBrains\IntelliJ IDEA Community Edition 2019.2\bin;;C:\Program Files\JetBrains\IntelliJ IDEA 2019.2\bin;;C:\Users\DELL\AppData\Roaming\npm;C:\Users\DELL\AppData\Local\Google\Cloud SDK\google-cloud-sdk\bin;C:\Program Files\heroku\bin
USERNAME=DELL
OS=Windows_NT
PROCESSOR_IDENTIFIER=Intel64 Family 6 Model 94 Stepping 3, GenuineIntel



---------------  S Y S T E M  ---------------

OS: Windows 10.0 , 64 bit Build 17763 (10.0.17763.475)

CPU:total 8 (initial active 8) (4 cores per cpu, 2 threads per core) family 6 model 94 stepping 3, cmov, cx8, fxsr, mmx, sse, sse2, sse3, ssse3, sse4.1, sse4.2, popcnt, avx, avx2, aes, clmul, erms, rtm, 3dnowpref, lzcnt, ht, tsc, tscinvbit, bmi1, bmi2, adx

Memory: 4k page, physical 12450036k(301036k free), swap 27023856k(4116k free)

vm_info: OpenJDK 64-Bit Server VM (25.202-b03) for windows-amd64 JRE (1.8.0_202-release-1483-b03), built by "builder" with MS VC++ 10.0 (VS2010)

time: Sat Oct 19 16:32:17 2019
timezone: Pacific Daylight Time
elapsed time: 17 seconds (0d 0h 0m 17s)

