#
# There is insufficient memory for the Java Runtime Environment to continue.
# Native memory allocation (malloc) failed to allocate 1064816 bytes for Chunk::new
# Possible reasons:
#   The system is out of physical RAM or swap space
#   The process is running with CompressedOops enabled, and the Java Heap may be blocking the growth of the native heap
# Possible solutions:
#   Reduce memory load on the system
#   Increase physical memory or swap space
#   Check if swap backing store is full
#   Decrease Java heap size (-Xmx/-Xms)
#   Decrease number of Java threads
#   Decrease Java thread stack sizes (-Xss)
#   Set larger code cache with -XX:ReservedCodeCacheSize=
#   JVM is running with Unscaled Compressed Oops mode in which the Java heap is
#     placed in the first 4GB address space. The Java Heap base address is the
#     maximum limit for the native heap growth. Please use -XX:HeapBaseMinAddress
#     to set the Java Heap base and to place the Java Heap above 4GB virtual address.
# This output file may be truncated or incomplete.
#
#  Out of Memory Error (allocation.cpp:389), pid=38564, tid=0x0000000000007d0c
#
# JRE version: OpenJDK Runtime Environment (8.0_202-b03) (build 1.8.0_202-release-1483-b03)
# Java VM: OpenJDK 64-Bit Server VM (25.202-b03 mixed mode windows-amd64 compressed oops)
# Failed to write core dump. Minidumps are not enabled by default on client versions of Windows
#

---------------  T H R E A D  ---------------

Current thread (0x0000000018642000):  JavaThread "C2 CompilerThread1" daemon [_thread_in_native, id=32012, stack(0x0000000019010000,0x0000000019110000)]

Stack: [0x0000000019010000,0x0000000019110000]
[error occurred during error reporting (printing stack bounds), id 0xc0000005]

Native frames: (J=compiled Java code, j=interpreted, Vv=VM code, C=native code)


Current CompileTask:
C2:   8778 3749       4       org.objectweb.asm.SymbolTable::addConstantMemberReference (147 bytes)


---------------  P R O C E S S  ---------------

Java Threads: ( => current thread )
  0x000000001ac63000 JavaThread "Cache worker for Build Output Cleanup Cache (C:\Users\DELL\AndroidStudioProjects\CodeLocker\.gradle\buildOutputCleanup)" [_thread_blocked, id=50172, stack(0x00000000247f0000,0x00000000248f0000)]
  0x000000001ac5b800 JavaThread "Build operations Thread 8" [_thread_blocked, id=2140, stack(0x00000000244f0000,0x00000000245f0000)]
  0x000000001ac62000 JavaThread "Build operations Thread 7" [_thread_blocked, id=31932, stack(0x00000000243f0000,0x00000000244f0000)]
  0x000000001ac5e800 JavaThread "Build operations Thread 6" [_thread_blocked, id=32604, stack(0x00000000242f0000,0x00000000243f0000)]
  0x000000001ac5c000 JavaThread "Build operations Thread 5" [_thread_blocked, id=29880, stack(0x00000000241f0000,0x00000000242f0000)]
  0x000000001ac61800 JavaThread "Build operations Thread 4" [_thread_blocked, id=29832, stack(0x00000000240f0000,0x00000000241f0000)]
  0x000000001ac60800 JavaThread "Build operations Thread 3" [_thread_blocked, id=39432, stack(0x0000000023ff0000,0x00000000240f0000)]
  0x000000001ac5d800 JavaThread "Build operations Thread 2" [_thread_blocked, id=35096, stack(0x0000000023ef0000,0x0000000023ff0000)]
  0x000000001ac60000 JavaThread "Build operations" [_thread_blocked, id=30584, stack(0x0000000023df0000,0x0000000023ef0000)]
  0x000000001ac5d000 JavaThread "Cache worker for execution history cache (C:\Users\DELL\.gradle\caches\5.4.1\executionHistory)" [_thread_blocked, id=30900, stack(0x0000000021660000,0x0000000021760000)]
  0x000000001a174000 JavaThread "Cache worker for cache directory md-rule (C:\Users\DELL\.gradle\caches\5.4.1\md-rule)" [_thread_blocked, id=43228, stack(0x0000000021560000,0x0000000021660000)]
  0x000000001a170800 JavaThread "Cache worker for cache directory md-supplier (C:\Users\DELL\.gradle\caches\5.4.1\md-supplier)" [_thread_blocked, id=35120, stack(0x0000000020030000,0x0000000020130000)]
  0x000000001a175800 JavaThread "Cache worker for file hash cache (C:\Users\DELL\AndroidStudioProjects\CodeLocker\.gradle\5.4.1\fileHashes)" [_thread_blocked, id=46996, stack(0x000000001f6d0000,0x000000001f7d0000)]
  0x000000001a175000 JavaThread "Cache worker for journal cache (C:\Users\DELL\.gradle\caches\journal-1)" [_thread_blocked, id=40800, stack(0x000000001d230000,0x000000001d330000)]
  0x000000001a171000 JavaThread "File lock request listener" [_thread_in_native, id=34716, stack(0x000000001d130000,0x000000001d230000)]
  0x000000001a630800 JavaThread "Cache worker for file hash cache (C:\Users\DELL\.gradle\caches\5.4.1\fileHashes)" [_thread_blocked, id=46548, stack(0x000000001d030000,0x000000001d130000)]
  0x000000001aa3b000 JavaThread "Thread-9" [_thread_blocked, id=29816, stack(0x000000001bf60000,0x000000001c060000)]
  0x000000001aa34800 JavaThread "Stdin handler" [_thread_blocked, id=17836, stack(0x000000001be60000,0x000000001bf60000)]
  0x000000001aa1e800 JavaThread "Asynchronous log dispatcher for DefaultDaemonConnection: socket connection from /127.0.0.1:61312 to /127.0.0.1:61313" [_thread_blocked, id=36796, stack(0x000000001bc60000,0x000000001bd60000)]
  0x000000001aa1a800 JavaThread "Daemon worker" [_thread_in_vm, id=45868, stack(0x000000001bb60000,0x000000001bc60000)]
  0x000000001aa19800 JavaThread "Cancel handler" [_thread_blocked, id=18256, stack(0x000000001ba60000,0x000000001bb60000)]
  0x000000001a98a800 JavaThread "Handler for socket connection from /127.0.0.1:61312 to /127.0.0.1:61313" [_thread_in_native, id=40920, stack(0x000000001b760000,0x000000001b860000)]
  0x000000001a97a000 JavaThread "Daemon" [_thread_blocked, id=15220, stack(0x000000001b660000,0x000000001b760000)]
  0x000000001a975000 JavaThread "Daemon periodic checks" [_thread_blocked, id=47836, stack(0x000000001b560000,0x000000001b660000)]
  0x000000001a966800 JavaThread "Incoming local TCP Connector on port 61312" [_thread_in_native, id=28792, stack(0x000000001b320000,0x000000001b420000)]
  0x000000001a8e9800 JavaThread "Daemon health stats" [_thread_blocked, id=32356, stack(0x000000001ace0000,0x000000001ade0000)]
  0x00000000186d6000 JavaThread "Service Thread" daemon [_thread_blocked, id=19928, stack(0x0000000019310000,0x0000000019410000)]
  0x000000001864d000 JavaThread "C1 CompilerThread3" daemon [_thread_blocked, id=27644, stack(0x0000000019210000,0x0000000019310000)]
  0x0000000018649000 JavaThread "C2 CompilerThread2" daemon [_thread_blocked, id=44492, stack(0x0000000019110000,0x0000000019210000)]
=>0x0000000018642000 JavaThread "C2 CompilerThread1" daemon [_thread_in_native, id=32012, stack(0x0000000019010000,0x0000000019110000)]
  0x000000001863f000 JavaThread "C2 CompilerThread0" daemon [_thread_blocked, id=24656, stack(0x0000000018f10000,0x0000000019010000)]
  0x000000001863b800 JavaThread "Attach Listener" daemon [_thread_blocked, id=48288, stack(0x0000000018e10000,0x0000000018f10000)]
  0x000000001863a800 JavaThread "Signal Dispatcher" daemon [_thread_blocked, id=38872, stack(0x0000000018d10000,0x0000000018e10000)]
  0x000000000296c800 JavaThread "Finalizer" daemon [_thread_blocked, id=43068, stack(0x0000000018b10000,0x0000000018c10000)]
  0x0000000018630800 JavaThread "Reference Handler" daemon [_thread_blocked, id=32276, stack(0x0000000018a10000,0x0000000018b10000)]
  0x00000000007de000 JavaThread "main" [_thread_blocked, id=33540, stack(0x0000000000fb0000,0x00000000010b0000)]

Other Threads:
  0x0000000016826000 VMThread [stack: 0x0000000018510000,0x0000000018610000] [id=34140]
  0x00000000186d7000 WatcherThread [stack: 0x0000000019410000,0x0000000019510000] [id=42380]

VM state:not at safepoint (normal execution)

VM Mutex/Monitor currently owned by a thread: None

heap address: 0x00000000a0000000, size: 1536 MB, Compressed Oops mode: 32-bit
Narrow klass base: 0x0000000000000000, Narrow klass shift: 3
Compressed class space size: 1073741824 Address: 0x0000000100000000

Heap:
 PSYoungGen      total 135168K, used 82106K [0x00000000e0000000, 0x00000000e9580000, 0x0000000100000000)
  eden space 122368K, 67% used [0x00000000e0000000,0x00000000e502e848,0x00000000e7780000)
  from space 12800K, 0% used [0x00000000e8380000,0x00000000e8380000,0x00000000e9000000)
  to   space 12288K, 0% used [0x00000000e7780000,0x00000000e7780000,0x00000000e8380000)
 ParOldGen       total 122880K, used 15136K [0x00000000a0000000, 0x00000000a7800000, 0x00000000e0000000)
  object space 122880K, 12% used [0x00000000a0000000,0x00000000a0ec8028,0x00000000a7800000)
 Metaspace       used 43615K, capacity 44462K, committed 44584K, reserved 1087488K
  class space    used 5899K, capacity 6159K, committed 6184K, reserved 1048576K

Card table byte_map: [0x0000000011e30000,0x0000000012140000] byte_map_base: 0x0000000011930000

Marking Bits: (ParMarkBitMap*) 0x000000005fa89f30
 Begin Bits: [0x0000000012b40000, 0x0000000014340000)
 End Bits:   [0x0000000014340000, 0x0000000015b40000)

Polling page: 0x0000000000b50000

CodeCache: size=245760Kb used=11593Kb max_used=11602Kb free=234166Kb
 bounds [0x0000000002a70000, 0x00000000035d0000, 0x0000000011a70000]
 total_blobs=4176 nmethods=3431 adapters=658
 compilation: enabled

Compilation events (10 events):
Event: 8.744 Thread 0x000000001864d000 3794       3       org.gradle.api.internal.artifacts.configurations.DefaultConfiguration_Decorated::getName (38 bytes)
Event: 8.744 Thread 0x000000001864d000 nmethod 3794 0x00000000035c7e10 code [0x00000000035c7fe0, 0x00000000035c8708]
Event: 8.744 Thread 0x000000001864d000 3795       3       org.gradle.api.artifacts.Configuration$Namer::determineName (9 bytes)
Event: 8.744 Thread 0x000000001864d000 nmethod 3795 0x00000000035c77d0 code [0x00000000035c7940, 0x00000000035c7cc8]
Event: 8.744 Thread 0x000000001864d000 3796       3       org.gradle.api.artifacts.Configuration$Namer::determineName (7 bytes)
Event: 8.744 Thread 0x000000001864d000 nmethod 3796 0x00000000035c7350 code [0x00000000035c74c0, 0x00000000035c76e8]
Event: 8.747 Thread 0x0000000018649000 3797       4       org.objectweb.asm.Label::<init> (5 bytes)
Event: 8.747 Thread 0x0000000018649000 nmethod 3797 0x00000000035c5c50 code [0x00000000035c5d80, 0x00000000035c5dd8]
Event: 8.749 Thread 0x000000001864d000 3798       3       java.lang.reflect.WeakCache$CacheKey::equals (46 bytes)
Event: 8.749 Thread 0x000000001864d000 nmethod 3798 0x00000000035c5410 code [0x00000000035c5580, 0x00000000035c5b70]

GC Heap History (10 events):
Event: 5.031 GC heap before
{Heap before GC invocations=6 (full 1):
 PSYoungGen      total 56832K, used 49152K [0x00000000e0000000, 0x00000000e3f00000, 0x0000000100000000)
  eden space 49152K, 100% used [0x00000000e0000000,0x00000000e3000000,0x00000000e3000000)
  from space 7680K, 0% used [0x00000000e3780000,0x00000000e3780000,0x00000000e3f00000)
  to   space 7680K, 0% used [0x00000000e3000000,0x00000000e3000000,0x00000000e3780000)
 ParOldGen       total 85504K, used 9872K [0x00000000a0000000, 0x00000000a5380000, 0x00000000e0000000)
  object space 85504K, 11% used [0x00000000a0000000,0x00000000a09a41d8,0x00000000a5380000)
 Metaspace       used 27317K, capacity 27840K, committed 28032K, reserved 1073152K
  class space    used 3729K, capacity 3897K, committed 3968K, reserved 1048576K
Event: 5.035 GC heap after
Heap after GC invocations=6 (full 1):
 PSYoungGen      total 56832K, used 6579K [0x00000000e0000000, 0x00000000e6080000, 0x0000000100000000)
  eden space 49152K, 0% used [0x00000000e0000000,0x00000000e0000000,0x00000000e3000000)
  from space 7680K, 85% used [0x00000000e3000000,0x00000000e366cec8,0x00000000e3780000)
  to   space 12288K, 0% used [0x00000000e5480000,0x00000000e5480000,0x00000000e6080000)
 ParOldGen       total 85504K, used 9880K [0x00000000a0000000, 0x00000000a5380000, 0x00000000e0000000)
  object space 85504K, 11% used [0x00000000a0000000,0x00000000a09a61d8,0x00000000a5380000)
 Metaspace       used 27317K, capacity 27840K, committed 28032K, reserved 1073152K
  class space    used 3729K, capacity 3897K, committed 3968K, reserved 1048576K
}
Event: 5.532 GC heap before
{Heap before GC invocations=7 (full 1):
 PSYoungGen      total 56832K, used 55731K [0x00000000e0000000, 0x00000000e6080000, 0x0000000100000000)
  eden space 49152K, 100% used [0x00000000e0000000,0x00000000e3000000,0x00000000e3000000)
  from space 7680K, 85% used [0x00000000e3000000,0x00000000e366cec8,0x00000000e3780000)
  to   space 12288K, 0% used [0x00000000e5480000,0x00000000e5480000,0x00000000e6080000)
 ParOldGen       total 85504K, used 9880K [0x00000000a0000000, 0x00000000a5380000, 0x00000000e0000000)
  object space 85504K, 11% used [0x00000000a0000000,0x00000000a09a61d8,0x00000000a5380000)
 Metaspace       used 30377K, capacity 30854K, committed 31232K, reserved 1077248K
  class space    used 4142K, capacity 4300K, committed 4352K, reserved 1048576K
Event: 5.541 GC heap after
Heap after GC invocations=7 (full 1):
 PSYoungGen      total 87040K, used 6881K [0x00000000e0000000, 0x00000000e6300000, 0x0000000100000000)
  eden space 74752K, 0% used [0x00000000e0000000,0x00000000e0000000,0x00000000e4900000)
  from space 12288K, 56% used [0x00000000e5480000,0x00000000e5b38558,0x00000000e6080000)
  to   space 11776K, 0% used [0x00000000e4900000,0x00000000e4900000,0x00000000e5480000)
 ParOldGen       total 85504K, used 9888K [0x00000000a0000000, 0x00000000a5380000, 0x00000000e0000000)
  object space 85504K, 11% used [0x00000000a0000000,0x00000000a09a81d8,0x00000000a5380000)
 Metaspace       used 30377K, capacity 30854K, committed 31232K, reserved 1077248K
  class space    used 4142K, capacity 4300K, committed 4352K, reserved 1048576K
}
Event: 7.278 GC heap before
{Heap before GC invocations=8 (full 1):
 PSYoungGen      total 87040K, used 81633K [0x00000000e0000000, 0x00000000e6300000, 0x0000000100000000)
  eden space 74752K, 100% used [0x00000000e0000000,0x00000000e4900000,0x00000000e4900000)
  from space 12288K, 56% used [0x00000000e5480000,0x00000000e5b38558,0x00000000e6080000)
  to   space 11776K, 0% used [0x00000000e4900000,0x00000000e4900000,0x00000000e5480000)
 ParOldGen       total 85504K, used 9888K [0x00000000a0000000, 0x00000000a5380000, 0x00000000e0000000)
  object space 85504K, 11% used [0x00000000a0000000,0x00000000a09a81d8,0x00000000a5380000)
 Metaspace       used 34348K, capacity 34996K, committed 35200K, reserved 1079296K
  class space    used 4728K, capacity 4917K, committed 4992K, reserved 1048576K
Event: 7.312 GC heap after
Heap after GC invocations=8 (full 1):
 PSYoungGen      total 86528K, used 10994K [0x00000000e0000000, 0x00000000e9000000, 0x0000000100000000)
  eden space 74752K, 0% used [0x00000000e0000000,0x00000000e0000000,0x00000000e4900000)
  from space 11776K, 93% used [0x00000000e4900000,0x00000000e53bc870,0x00000000e5480000)
  to   space 12800K, 0% used [0x00000000e8380000,0x00000000e8380000,0x00000000e9000000)
 ParOldGen       total 85504K, used 9896K [0x00000000a0000000, 0x00000000a5380000, 0x00000000e0000000)
  object space 85504K, 11% used [0x00000000a0000000,0x00000000a09aa1d8,0x00000000a5380000)
 Metaspace       used 34348K, capacity 34996K, committed 35200K, reserved 1079296K
  class space    used 4728K, capacity 4917K, committed 4992K, reserved 1048576K
}
Event: 7.496 GC heap before
{Heap before GC invocations=9 (full 1):
 PSYoungGen      total 86528K, used 19224K [0x00000000e0000000, 0x00000000e9000000, 0x0000000100000000)
  eden space 74752K, 11% used [0x00000000e0000000,0x00000000e0809940,0x00000000e4900000)
  from space 11776K, 93% used [0x00000000e4900000,0x00000000e53bc870,0x00000000e5480000)
  to   space 12800K, 0% used [0x00000000e8380000,0x00000000e8380000,0x00000000e9000000)
 ParOldGen       total 85504K, used 9896K [0x00000000a0000000, 0x00000000a5380000, 0x00000000e0000000)
  object space 85504K, 11% used [0x00000000a0000000,0x00000000a09aa1d8,0x00000000a5380000)
 Metaspace       used 34695K, capacity 35420K, committed 35496K, reserved 1079296K
  class space    used 4782K, capacity 4995K, committed 5032K, reserved 1048576K
Event: 7.504 GC heap after
Heap after GC invocations=9 (full 1):
 PSYoungGen      total 135168K, used 8290K [0x00000000e0000000, 0x00000000e9580000, 0x0000000100000000)
  eden space 122368K, 0% used [0x00000000e0000000,0x00000000e0000000,0x00000000e7780000)
  from space 12800K, 64% used [0x00000000e8380000,0x00000000e8b98b18,0x00000000e9000000)
  to   space 12288K, 0% used [0x00000000e7780000,0x00000000e7780000,0x00000000e8380000)
 ParOldGen       total 85504K, used 9904K [0x00000000a0000000, 0x00000000a5380000, 0x00000000e0000000)
  object space 85504K, 11% used [0x00000000a0000000,0x00000000a09ac1d8,0x00000000a5380000)
 Metaspace       used 34695K, capacity 35420K, committed 35496K, reserved 1079296K
  class space    used 4782K, capacity 4995K, committed 5032K, reserved 1048576K
}
Event: 7.504 GC heap before
{Heap before GC invocations=10 (full 2):
 PSYoungGen      total 135168K, used 8290K [0x00000000e0000000, 0x00000000e9580000, 0x0000000100000000)
  eden space 122368K, 0% used [0x00000000e0000000,0x00000000e0000000,0x00000000e7780000)
  from space 12800K, 64% used [0x00000000e8380000,0x00000000e8b98b18,0x00000000e9000000)
  to   space 12288K, 0% used [0x00000000e7780000,0x00000000e7780000,0x00000000e8380000)
 ParOldGen       total 85504K, used 9904K [0x00000000a0000000, 0x00000000a5380000, 0x00000000e0000000)
  object space 85504K, 11% used [0x00000000a0000000,0x00000000a09ac1d8,0x00000000a5380000)
 Metaspace       used 34695K, capacity 35420K, committed 35496K, reserved 1079296K
  class space    used 4782K, capacity 4995K, committed 5032K, reserved 1048576K
Event: 7.585 GC heap after
Heap after GC invocations=10 (full 2):
 PSYoungGen      total 135168K, used 0K [0x00000000e0000000, 0x00000000e9580000, 0x0000000100000000)
  eden space 122368K, 0% used [0x00000000e0000000,0x00000000e0000000,0x00000000e7780000)
  from space 12800K, 0% used [0x00000000e8380000,0x00000000e8380000,0x00000000e9000000)
  to   space 12288K, 0% used [0x00000000e7780000,0x00000000e7780000,0x00000000e8380000)
 ParOldGen       total 122880K, used 15136K [0x00000000a0000000, 0x00000000a7800000, 0x00000000e0000000)
  object space 122880K, 12% used [0x00000000a0000000,0x00000000a0ec8028,0x00000000a7800000)
 Metaspace       used 34686K, capacity 35390K, committed 35496K, reserved 1079296K
  class space    used 4780K, capacity 4990K, committed 5032K, reserved 1048576K
}

Deoptimization events (10 events):
Event: 8.528 Thread 0x000000001aa1a800 Uncommon trap: reason=unstable_if action=reinterpret pc=0x0000000002c4efd4 method=java.util.jar.JarFile.maybeInstantiateVerifier()V @ 4
Event: 8.528 Thread 0x000000001aa1a800 Uncommon trap: reason=unstable_if action=reinterpret pc=0x00000000034d8b70 method=java.security.CodeSource.<init>(Ljava/net/URL;[Ljava/security/CodeSigner;)V @ 25
Event: 8.529 Thread 0x000000001aa1a800 Uncommon trap: reason=unstable_if action=reinterpret pc=0x000000000302c4ac method=java.security.CodeSource.getCertificates()[Ljava/security/cert/Certificate; @ 22
Event: 8.530 Thread 0x000000001aa1a800 Uncommon trap: reason=unstable_if action=reinterpret pc=0x00000000034968dc method=java.util.jar.JarFile.maybeInstantiateVerifier()V @ 4
Event: 8.530 Thread 0x000000001aa1a800 Uncommon trap: reason=unstable_if action=reinterpret pc=0x00000000034e1d8c method=java.security.CodeSource.matchCerts(Ljava/security/CodeSource;Z)Z @ 11
Event: 8.530 Thread 0x000000001aa1a800 Uncommon trap: reason=unstable_if action=reinterpret pc=0x00000000034d9890 method=java.security.CodeSource.getCertificates()[Ljava/security/cert/Certificate; @ 4
Event: 8.530 Thread 0x000000001aa1a800 Uncommon trap: reason=unstable_if action=reinterpret pc=0x00000000034d9890 method=java.security.CodeSource.getCertificates()[Ljava/security/cert/Certificate; @ 4
Event: 8.549 Thread 0x000000001aa1a800 Uncommon trap: reason=unstable_if action=reinterpret pc=0x0000000002bbeabc method=java.util.LinkedHashMap.get(Ljava/lang/Object;)Ljava/lang/Object; @ 20
Event: 8.584 Thread 0x000000001aa1a800 Uncommon trap: reason=unstable_if action=reinterpret pc=0x0000000002d26f84 method=java.security.CodeSource.matchCerts(Ljava/security/CodeSource;Z)Z @ 11
Event: 8.614 Thread 0x000000001aa1a800 Uncommon trap: reason=unstable_if action=reinterpret pc=0x00000000032d1370 method=org.objectweb.asm.ByteVector.putUTF8(Ljava/lang/String;)Lorg/objectweb/asm/ByteVector; @ 93

Classes redefined (0 events):
No events

Internal exceptions (10 events):
Event: 7.403 Thread 0x000000001aa1a800 Exception <a 'java/lang/ClassNotFoundException': org/gradle/api/tasks/Delete_DecoratedCustomizer> (0x00000000e04a1c80) thrown at [D:\src\AOSP-openjdk-cygwin\jdk8u\hotspot\src\share\vm\classfile\systemDictionary.cpp, line 210]
Event: 7.457 Thread 0x000000001aa1a800 Exception <a 'java/lang/ClassNotFoundException': build_48a3tv8ssjamnc3s6neab93z4BeanInfo> (0x00000000e05a4ad0) thrown at [D:\src\AOSP-openjdk-cygwin\jdk8u\hotspot\src\share\vm\classfile\systemDictionary.cpp, line 210]
Event: 7.458 Thread 0x000000001aa1a800 Exception <a 'java/lang/ClassNotFoundException': build_48a3tv8ssjamnc3s6neab93z4Customizer> (0x00000000e05b0698) thrown at [D:\src\AOSP-openjdk-cygwin\jdk8u\hotspot\src\share\vm\classfile\systemDictionary.cpp, line 210]
Event: 7.465 Thread 0x000000001aa1a800 Exception <a 'java/lang/ClassNotFoundException': org/gradle/api/internal/plugins/DefaultObjectConfigurationActionBeanInfo> (0x00000000e061f5d0) thrown at [D:\src\AOSP-openjdk-cygwin\jdk8u\hotspot\src\share\vm\classfile\systemDictionary.cpp, line 210]
Event: 7.467 Thread 0x000000001aa1a800 Exception <a 'java/lang/ClassNotFoundException': org/gradle/api/internal/plugins/DefaultObjectConfigurationActionCustomizer> (0x00000000e065c770) thrown at [D:\src\AOSP-openjdk-cygwin\jdk8u\hotspot\src\share\vm\classfile\systemDictionary.cpp, line 210]
Event: 8.420 Thread 0x000000001aa1a800 Implicit null exception at 0x00000000035270c8 to 0x000000000352762d
Event: 8.727 Thread 0x000000001aa1a800 Exception <a 'java/lang/ClassNotFoundException': com/android/build/gradle/internal/api/DefaultAndroidSourceSet_DecoratedBeanInfo> (0x00000000e4ae0658) thrown at [D:\src\AOSP-openjdk-cygwin\jdk8u\hotspot\src\share\vm\classfile\systemDictionary.cpp, line 21
Event: 8.728 Thread 0x000000001aa1a800 Exception <a 'java/lang/ClassNotFoundException': com/android/build/gradle/internal/api/DefaultAndroidSourceSetBeanInfo> (0x00000000e4afc7a0) thrown at [D:\src\AOSP-openjdk-cygwin\jdk8u\hotspot\src\share\vm\classfile\systemDictionary.cpp, line 210]
Event: 8.728 Thread 0x000000001aa1a800 Exception <a 'java/lang/ClassNotFoundException': com/android/build/gradle/internal/api/DefaultAndroidSourceSetCustomizer> (0x00000000e4b18be0) thrown at [D:\src\AOSP-openjdk-cygwin\jdk8u\hotspot\src\share\vm\classfile\systemDictionary.cpp, line 210]
Event: 8.730 Thread 0x000000001aa1a800 Exception <a 'java/lang/ClassNotFoundException': com/android/build/gradle/internal/api/DefaultAndroidSourceSet_DecoratedCustomizer> (0x00000000e4b862f8) thrown at [D:\src\AOSP-openjdk-cygwin\jdk8u\hotspot\src\share\vm\classfile\systemDictionary.cpp, line 

Events (10 events):
Event: 8.774 loading class com/android/build/gradle/internal/tasks/databinding/DataBindingMergeDependencyArtifactsTask$CreationAction
Event: 8.774 loading class com/android/build/gradle/internal/tasks/databinding/DataBindingMergeDependencyArtifactsTask$CreationAction done
Event: 8.775 loading class com/android/build/gradle/internal/tasks/databinding/DataBindingMergeBaseClassLogTask$CreationAction
Event: 8.775 loading class com/android/build/gradle/internal/tasks/databinding/DataBindingMergeBaseClassLogTask$CreationAction done
Event: 8.776 loading class com/android/build/gradle/internal/tasks/databinding/DataBindingExportBuildInfoTask$CreationAction
Event: 8.776 loading class com/android/build/gradle/internal/tasks/databinding/DataBindingExportBuildInfoTask$CreationAction done
Event: 8.776 loading class com/android/build/gradle/internal/tasks/databinding/DataBindingGenBaseClassesTask$CreationAction
Event: 8.776 loading class com/android/build/gradle/internal/tasks/databinding/DataBindingGenBaseClassesTask$CreationAction done
Event: 8.777 loading class com/android/build/gradle/tasks/BuildArtifactReportTask$SourceSetReportCreationAction
Event: 8.777 loading class com/android/build/gradle/tasks/BuildArtifactReportTask$SourceSetReportCreationAction done


Dynamic libraries:
0x00007ff66a680000 - 0x00007ff66a6b1000 	C:\Program Files\Android\Android Studio\jre\bin\java.exe
0x00007ffd01a10000 - 0x00007ffd01bfd000 	C:\Windows\SYSTEM32\ntdll.dll
0x00007ffd00a50000 - 0x00007ffd00b03000 	C:\Windows\System32\KERNEL32.DLL
0x00007ffcfe990000 - 0x00007ffcfec23000 	C:\Windows\System32\KERNELBASE.dll
0x00007ffd01710000 - 0x00007ffd017b3000 	C:\Windows\System32\ADVAPI32.dll
0x00007ffd015a0000 - 0x00007ffd0163e000 	C:\Windows\System32\msvcrt.dll
0x00007ffd00810000 - 0x00007ffd008ae000 	C:\Windows\System32\sechost.dll
0x00007ffd00bf0000 - 0x00007ffd00d12000 	C:\Windows\System32\RPCRT4.dll
0x00007ffd008b0000 - 0x00007ffd00a47000 	C:\Windows\System32\USER32.dll
0x00007ffcfe7e0000 - 0x00007ffcfe800000 	C:\Windows\System32\win32u.dll
0x00007ffcff1c0000 - 0x00007ffcff1e9000 	C:\Windows\System32\GDI32.dll
0x00007ffcfe240000 - 0x00007ffcfe3d9000 	C:\Windows\System32\gdi32full.dll
0x00007ffcfe740000 - 0x00007ffcfe7e0000 	C:\Windows\System32\msvcp_win.dll
0x00007ffcfe640000 - 0x00007ffcfe73a000 	C:\Windows\System32\ucrtbase.dll
0x00007ffcecc90000 - 0x00007ffcecf09000 	C:\Windows\WinSxS\amd64_microsoft.windows.common-controls_6595b64144ccf1df_6.0.17763.737_none_05b6437c071e554b\COMCTL32.dll
0x00007ffcfec30000 - 0x00007ffcfef5c000 	C:\Windows\System32\combase.dll
0x00007ffcfe800000 - 0x00007ffcfe87e000 	C:\Windows\System32\bcryptPrimitives.dll
0x00007ffcff1f0000 - 0x00007ffcff21e000 	C:\Windows\System32\IMM32.DLL
0x000000005f100000 - 0x000000005f1d2000 	C:\Program Files\Android\Android Studio\jre\jre\bin\msvcr100.dll
0x000000005f2c0000 - 0x000000005fb06000 	C:\Program Files\Android\Android Studio\jre\jre\bin\server\jvm.dll
0x00007ffd017c0000 - 0x00007ffd017c8000 	C:\Windows\System32\PSAPI.DLL
0x00007ffcf8810000 - 0x00007ffcf881a000 	C:\Windows\SYSTEM32\VERSION.dll
0x00007ffcfc570000 - 0x00007ffcfc579000 	C:\Windows\SYSTEM32\WSOCK32.dll
0x00007ffcfa8f0000 - 0x00007ffcfa914000 	C:\Windows\SYSTEM32\WINMM.dll
0x00007ffcff2a0000 - 0x00007ffcff30d000 	C:\Windows\System32\WS2_32.dll
0x00007ffcfa8c0000 - 0x00007ffcfa8ed000 	C:\Windows\SYSTEM32\WINMMBASE.dll
0x00007ffcfe410000 - 0x00007ffcfe45a000 	C:\Windows\System32\cfgmgr32.dll
0x00007ffcf8f70000 - 0x00007ffcf8f7f000 	C:\Program Files\Android\Android Studio\jre\jre\bin\verify.dll
0x00007ffce1870000 - 0x00007ffce1899000 	C:\Program Files\Android\Android Studio\jre\jre\bin\java.dll
0x00007ffcf82d0000 - 0x00007ffcf82e6000 	C:\Program Files\Android\Android Studio\jre\jre\bin\zip.dll
0x00007ffcff310000 - 0x00007ffd00802000 	C:\Windows\System32\SHELL32.dll
0x00007ffcff110000 - 0x00007ffcff1b8000 	C:\Windows\System32\shcore.dll
0x00007ffcfdad0000 - 0x00007ffcfe21a000 	C:\Windows\System32\windows.storage.dll
0x00007ffcfdaa0000 - 0x00007ffcfdac4000 	C:\Windows\System32\profapi.dll
0x00007ffcfda20000 - 0x00007ffcfda7d000 	C:\Windows\System32\powrprof.dll
0x00007ffd01970000 - 0x00007ffd019c2000 	C:\Windows\System32\shlwapi.dll
0x00007ffcfda00000 - 0x00007ffcfda11000 	C:\Windows\System32\kernel.appcore.dll
0x00007ffcfe220000 - 0x00007ffcfe237000 	C:\Windows\System32\cryptsp.dll
0x00007ffcf1b30000 - 0x00007ffcf1b4a000 	C:\Program Files\Android\Android Studio\jre\jre\bin\net.dll
0x00007ffcfd270000 - 0x00007ffcfd2d7000 	C:\Windows\system32\mswsock.dll
0x00007ffce9920000 - 0x00007ffce9931000 	C:\Program Files\Android\Android Studio\jre\jre\bin\nio.dll
0x00007ffce1be0000 - 0x00007ffce1c06000 	C:\Users\DELL\.gradle\native\29\windows-amd64\native-platform.dll
0x00007ffcf8260000 - 0x00007ffcf826d000 	C:\Program Files\Android\Android Studio\jre\jre\bin\management.dll
0x00007ffcfcdf0000 - 0x00007ffcfce23000 	C:\Windows\system32\rsaenh.dll
0x00007ffcfe3e0000 - 0x00007ffcfe406000 	C:\Windows\System32\bcrypt.dll
0x00007ffcfd930000 - 0x00007ffcfd958000 	C:\Windows\SYSTEM32\USERENV.dll
0x00007ffcfd440000 - 0x00007ffcfd44c000 	C:\Windows\SYSTEM32\CRYPTBASE.dll
0x00007ffcfcf90000 - 0x00007ffcfcfcd000 	C:\Windows\SYSTEM32\IPHLPAPI.DLL
0x00007ffd019d0000 - 0x00007ffd019d8000 	C:\Windows\System32\NSI.dll
0x00007ffcf2320000 - 0x00007ffcf2336000 	C:\Windows\SYSTEM32\dhcpcsvc6.DLL
0x00007ffcf41b0000 - 0x00007ffcf41cc000 	C:\Windows\SYSTEM32\dhcpcsvc.DLL
0x00007ffcfcfd0000 - 0x00007ffcfd096000 	C:\Windows\SYSTEM32\DNSAPI.dll

VM Arguments:
jvm_args: -Xmx1536m -Dfile.encoding=windows-1252 -Duser.country=US -Duser.language=en -Duser.variant 
java_command: org.gradle.launcher.daemon.bootstrap.GradleDaemon 5.4.1
java_class_path (initial): C:\Users\DELL\.gradle\wrapper\dists\gradle-5.4.1-all\3221gyojl5jsh0helicew7rwx\gradle-5.4.1\lib\gradle-launcher-5.4.1.jar
Launcher Type: SUN_STANDARD

Environment Variables:
PATH=C:\ProgramData\Oracle\Java\javapath;C:\Windows\system32;C:\Windows;C:\Windows\System32\Wbem;C:\Windows\System32\WindowsPowerShell\v1.0\;C:\Windows\System32\OpenSSH\;C:\Program Files (x86)\NVIDIA Corporation\PhysX\Common;C:\Program Files\Git\cmd;C:\Gradle\gradle-5.6.1\bin;C:\Program Files\nodejs\;C:\Users\DELL\AppData\Local\Programs\Python\Python37-32\Scripts;C:\Users\DELL\AppData\Local\Programs\Python\Python37-32;C:\Users\DELL\AppData\Roaming\Python\Python37\Scripts;C:\Program Files\PostgreSQL\11\bin;C:\Program Files (x86)\scala\bin;C:\Users\DELL\AppData\Local\Microsoft\WindowsApps;C:\Users\DELL\AppData\Local\atom\bin;C:\Program Files\JetBrains\IntelliJ IDEA Community Edition 2019.2\bin;;C:\Program Files\JetBrains\IntelliJ IDEA 2019.2\bin;;C:\Users\DELL\AppData\Roaming\npm;C:\Users\DELL\AppData\Local\Google\Cloud SDK\google-cloud-sdk\bin;C:\Program Files\heroku\bin
USERNAME=DELL
OS=Windows_NT
PROCESSOR_IDENTIFIER=Intel64 Family 6 Model 94 Stepping 3, GenuineIntel



---------------  S Y S T E M  ---------------

OS: Windows 10.0 , 64 bit Build 17763 (10.0.17763.475)

CPU:total 8 (initial active 8) (4 cores per cpu, 2 threads per core) family 6 model 94 stepping 3, cmov, cx8, fxsr, mmx, sse, sse2, sse3, ssse3, sse4.1, sse4.2, popcnt, avx, avx2, aes, clmul, erms, rtm, 3dnowpref, lzcnt, ht, tsc, tscinvbit, bmi1, bmi2, adx

Memory: 4k page, physical 12450036k(510796k free), swap 27023856k(3524k free)

vm_info: OpenJDK 64-Bit Server VM (25.202-b03) for windows-amd64 JRE (1.8.0_202-release-1483-b03), built by "builder" with MS VC++ 10.0 (VS2010)

time: Sat Oct 19 16:29:52 2019
timezone: Pacific Daylight Time
elapsed time: 8 seconds (0d 0h 0m 8s)

